Using pre-set license
Built from '2020.3/staging' branch; Version is '2020.3.0f1 (c7b5465681fb) revision 13088070'; Using compiler version '192528614'; Build Type 'Release'
OS: 'Windows 10 Home; OS build 19042.867; Version 2009; 64bit' Language: 'en' Physical Memory: 16334 MB
BatchMode: 1, IsHumanControllingUs: 0, StartBugReporterOnCrash: 0, Is64bit: 1, IsPro: 0

 COMMAND LINE ARGUMENTS:
C:\Program Files\Unity\Hub\Editor\2020.3.0f1\Editor\Unity.exe
-adb2
-batchMode
-noUpm
-name
AssetImportWorker0
-projectPath
E:/Unity/LearningProjects/GJL2021/GJLJam
-logFile
Logs/AssetImportWorker0.log
-srvPort
11927
Successfully changed project path to: E:/Unity/LearningProjects/GJL2021/GJLJam
E:/Unity/LearningProjects/GJL2021/GJLJam
Using Asset Import Pipeline V2.
Refreshing native plugins compatible for Editor in 44.84 ms, found 0 plugins.
Preloading 0 native plugins for Editor in 0.00 ms.
Initialize engine version: 2020.3.0f1 (c7b5465681fb)
[Subsystems] Discovering subsystems at path C:/Program Files/Unity/Hub/Editor/2020.3.0f1/Editor/Data/Resources/UnitySubsystems
[Subsystems] Discovering subsystems at path E:/Unity/LearningProjects/GJL2021/GJLJam/Assets
GfxDevice: creating device client; threaded=0
Direct3D:
    Version:  Direct3D 11.0 [level 11.1]
    Renderer: NVIDIA GeForce RTX 3080 (ID=0x2206)
    Vendor:   
    VRAM:     10077 MB
    Driver:   27.21.14.6207
Shader 'Universal Render Pipeline/Particles/Lit': fallback shader 'Universal Render Pipeline/Particles/SimpleLit' not found
Initialize mono
Mono path[0] = 'C:/Program Files/Unity/Hub/Editor/2020.3.0f1/Editor/Data/Managed'
Mono path[1] = 'C:/Program Files/Unity/Hub/Editor/2020.3.0f1/Editor/Data/MonoBleedingEdge/lib/mono/unityjit'
Mono config path = 'C:/Program Files/Unity/Hub/Editor/2020.3.0f1/Editor/Data/MonoBleedingEdge/etc'
Using monoOptions --debugger-agent=transport=dt_socket,embedding=1,server=y,suspend=n,address=127.0.0.1:56588
Begin MonoManager ReloadAssembly
Registering precompiled unity dll's ...
Register platform support module: C:/Program Files/Unity/Hub/Editor/2020.3.0f1/Editor/Data/PlaybackEngines/WebGLSupport/UnityEditor.WebGL.Extensions.dll
Register platform support module: C:/Program Files/Unity/Hub/Editor/2020.3.0f1/Editor/Data/PlaybackEngines/WindowsStandaloneSupport/UnityEditor.WindowsStandalone.Extensions.dll
Registered in 0.004129 seconds.
Native extension for WindowsStandalone target not found
Native extension for WebGL target not found
Refreshing native plugins compatible for Editor in 51.97 ms, found 0 plugins.
Preloading 0 native plugins for Editor in 0.00 ms.
Invoked RoslynAnalysisRunner static constructor.
RoslynAnalysisRunner will not be running.
RoslynAnalysisRunner has terminated.
Mono: successfully reloaded assembly
- Completed reload, in  1.432 seconds
Platform modules already initialized, skipping
Registering precompiled user dll's ...
Registered in 0.001034 seconds.
Begin MonoManager ReloadAssembly
Native extension for WindowsStandalone target not found
Native extension for WebGL target not found
Refreshing native plugins compatible for Editor in 42.82 ms, found 0 plugins.
Preloading 0 native plugins for Editor in 0.00 ms.
Invoked RoslynAnalysisRunner static constructor.
RoslynAnalysisRunner will not be running.
RoslynAnalysisRunner has terminated.
Mono: successfully reloaded assembly
- Completed reload, in  0.914 seconds
Platform modules already initialized, skipping
========================================================================
Worker process is ready to serve import requests
Shader 'Universal Render Pipeline/Particles/Lit': fallback shader 'Universal Render Pipeline/Particles/SimpleLit' not found
Launched and connected shader compiler UnityShaderCompiler.exe after 0.06 seconds
Refreshing native plugins compatible for Editor in 0.55 ms, found 0 plugins.
Preloading 0 native plugins for Editor in 0.00 ms.
Unloading 2868 Unused Serialized files (Serialized files now loaded: 0)
System memory in use before: 132.9 MB.
System memory in use after: 133.1 MB.

Unloading 90 unused Assets to reduce memory usage. Loaded Objects now: 3308.
Total: 2.423800 ms (FindLiveObjects: 0.326300 ms CreateObjectMapping: 0.071100 ms MarkObjects: 1.883000 ms  DeleteObjects: 0.142500 ms)

========================================================================
Received Import Request.
  path: Assets/Prefabs/Cartridge.prefab
  artifactKey: Guid(232b80b84797672419f89f206002c5a3) Importer(815301076,1909f56bfc062723c751e8b465ee728b)
Start importing Assets/Prefabs/Cartridge.prefab using Guid(232b80b84797672419f89f206002c5a3) Importer(815301076,1909f56bfc062723c751e8b465ee728b)  -> (artifact id: '3a1db84d09c00e4f16a0ddbd3efdf07e') in 0.215187 seconds
  Import took 0.219885 seconds .

========================================================================
Received Prepare
Registering precompiled user dll's ...
Registered in 0.001396 seconds.
Begin MonoManager ReloadAssembly
Native extension for WindowsStandalone target not found
Native extension for WebGL target not found
Refreshing native plugins compatible for Editor in 0.53 ms, found 0 plugins.
Preloading 0 native plugins for Editor in 0.00 ms.
Invoked RoslynAnalysisRunner static constructor.
RoslynAnalysisRunner will not be running.
RoslynAnalysisRunner has terminated.
Mono: successfully reloaded assembly
- Completed reload, in  0.879 seconds
Platform modules already initialized, skipping
Shader 'Universal Render Pipeline/Particles/Lit': fallback shader 'Universal Render Pipeline/Particles/SimpleLit' not found
Refreshing native plugins compatible for Editor in 0.55 ms, found 0 plugins.
Preloading 0 native plugins for Editor in 0.00 ms.
Unloading 2720 Unused Serialized files (Serialized files now loaded: 0)
System memory in use before: 129.1 MB.
System memory in use after: 129.4 MB.

Unloading 85 unused Assets to reduce memory usage. Loaded Objects now: 3356.
Total: 2.563300 ms (FindLiveObjects: 0.350800 ms CreateObjectMapping: 0.085700 ms MarkObjects: 2.031700 ms  DeleteObjects: 0.093800 ms)

========================================================================
Received Import Request.
  Time since last request: 429.882912 seconds.
  path: Assets/Materials/Cartridge.mat
  artifactKey: Guid(2b1336d66a4c07d4c8b01be09bc206b8) Importer(815301076,1909f56bfc062723c751e8b465ee728b)
Start importing Assets/Materials/Cartridge.mat using Guid(2b1336d66a4c07d4c8b01be09bc206b8) Importer(815301076,1909f56bfc062723c751e8b465ee728b)  -> (artifact id: '7f3bb23660b57996810ee5ccf3a3e14b') in 0.152529 seconds
  Import took 0.157104 seconds .

========================================================================
Received Import Request.
  Time since last request: 0.000221 seconds.
  path: Assets/Models/Player/Pistol.fbx
  artifactKey: Guid(0030926645bbc4249abcce5fe581c98a) Importer(815301076,1909f56bfc062723c751e8b465ee728b)
Start importing Assets/Models/Player/Pistol.fbx using Guid(0030926645bbc4249abcce5fe581c98a) Importer(815301076,1909f56bfc062723c751e8b465ee728b)  -> (artifact id: '5c22c0c3a3dd85903601583886998bcd') in 0.120329 seconds
  Import took 0.548587 seconds .

========================================================================
Received Import Request.
  Time since last request: 0.000202 seconds.
  path: Assets/Materials/Cartridge.mat
  artifactKey: Guid(2b1336d66a4c07d4c8b01be09bc206b8) Importer(815301076,1909f56bfc062723c751e8b465ee728b)
Start importing Assets/Materials/Cartridge.mat using Guid(2b1336d66a4c07d4c8b01be09bc206b8) Importer(815301076,1909f56bfc062723c751e8b465ee728b)  -> (artifact id: '7f3bb23660b57996810ee5ccf3a3e14b') in 0.016177 seconds
  Import took 0.020745 seconds .

========================================================================
Received Import Request.
  Time since last request: 0.000182 seconds.
  path: Assets/Models/Blend/Pistol.blend
  artifactKey: Guid(fa115b9e28da2fe4bb07f41263287b4f) Importer(815301076,1909f56bfc062723c751e8b465ee728b)
Start importing Assets/Models/Blend/Pistol.blend using Guid(fa115b9e28da2fe4bb07f41263287b4f) Importer(815301076,1909f56bfc062723c751e8b465ee728b)  -> (artifact id: '52323a08635923f10b92f325a30f4a54') in 0.035939 seconds
  Import took 0.049653 seconds .

========================================================================
Received Import Request.
  Time since last request: 258.031223 seconds.
  path: Assets/Prefabs/BulletParticle.prefab
  artifactKey: Guid(c0e27dc49e38b414186c22cfc0efb836) Importer(815301076,1909f56bfc062723c751e8b465ee728b)
Start importing Assets/Prefabs/BulletParticle.prefab using Guid(c0e27dc49e38b414186c22cfc0efb836) Importer(815301076,1909f56bfc062723c751e8b465ee728b)  -> (artifact id: '3ac3e30ec1ac1ddd5f3163c1aeaf4401') in 0.013879 seconds
  Import took 0.018616 seconds .

========================================================================
Received Import Request.
  Time since last request: 0.000624 seconds.
  path: Assets/Prefabs/BulletParticle.prefab
  artifactKey: Guid(c0e27dc49e38b414186c22cfc0efb836) Importer(815301076,1909f56bfc062723c751e8b465ee728b)
Start importing Assets/Prefabs/BulletParticle.prefab using Guid(c0e27dc49e38b414186c22cfc0efb836) Importer(815301076,1909f56bfc062723c751e8b465ee728b)  -> (artifact id: '3ac3e30ec1ac1ddd5f3163c1aeaf4401') in 0.003975 seconds
  Import took 0.008231 seconds .

========================================================================
Received Prepare
Registering precompiled user dll's ...
Registered in 0.001303 seconds.
Begin MonoManager ReloadAssembly
Native extension for WindowsStandalone target not found
Native extension for WebGL target not found
Refreshing native plugins compatible for Editor in 0.51 ms, found 0 plugins.
Preloading 0 native plugins for Editor in 0.00 ms.
Invoked RoslynAnalysisRunner static constructor.
RoslynAnalysisRunner will not be running.
RoslynAnalysisRunner has terminated.
Mono: successfully reloaded assembly
- Completed reload, in  0.854 seconds
Platform modules already initialized, skipping
Shader 'Universal Render Pipeline/Particles/Lit': fallback shader 'Universal Render Pipeline/Particles/SimpleLit' not found
Refreshing native plugins compatible for Editor in 0.54 ms, found 0 plugins.
Preloading 0 native plugins for Editor in 0.00 ms.
Unloading 2720 Unused Serialized files (Serialized files now loaded: 0)
System memory in use before: 143.7 MB.
System memory in use after: 143.9 MB.

Unloading 85 unused Assets to reduce memory usage. Loaded Objects now: 3432.
Total: 2.656500 ms (FindLiveObjects: 0.397700 ms CreateObjectMapping: 0.072000 ms MarkObjects: 2.080300 ms  DeleteObjects: 0.105500 ms)

========================================================================
Received Prepare
Registering precompiled user dll's ...
Registered in 0.001325 seconds.
Begin MonoManager ReloadAssembly
Native extension for WindowsStandalone target not found
Native extension for WebGL target not found
Refreshing native plugins compatible for Editor in 0.53 ms, found 0 plugins.
Preloading 0 native plugins for Editor in 0.00 ms.
Invoked RoslynAnalysisRunner static constructor.
RoslynAnalysisRunner will not be running.
RoslynAnalysisRunner has terminated.
Mono: successfully reloaded assembly
- Completed reload, in  0.856 seconds
Platform modules already initialized, skipping
Shader 'Universal Render Pipeline/Particles/Lit': fallback shader 'Universal Render Pipeline/Particles/SimpleLit' not found
Refreshing native plugins compatible for Editor in 0.55 ms, found 0 plugins.
Preloading 0 native plugins for Editor in 0.00 ms.
Unloading 2720 Unused Serialized files (Serialized files now loaded: 0)
System memory in use before: 143.8 MB.
System memory in use after: 144.0 MB.

Unloading 85 unused Assets to reduce memory usage. Loaded Objects now: 3435.
Total: 2.544300 ms (FindLiveObjects: 0.382800 ms CreateObjectMapping: 0.072100 ms MarkObjects: 1.993700 ms  DeleteObjects: 0.094700 ms)

========================================================================
Received Prepare
Registering precompiled user dll's ...
Registered in 0.001328 seconds.
Begin MonoManager ReloadAssembly
Native extension for WindowsStandalone target not found
Native extension for WebGL target not found
Refreshing native plugins compatible for Editor in 0.54 ms, found 0 plugins.
Preloading 0 native plugins for Editor in 0.00 ms.
Invoked RoslynAnalysisRunner static constructor.
RoslynAnalysisRunner will not be running.
RoslynAnalysisRunner has terminated.
Mono: successfully reloaded assembly
- Completed reload, in  0.935 seconds
Platform modules already initialized, skipping
Shader 'Universal Render Pipeline/Particles/Lit': fallback shader 'Universal Render Pipeline/Particles/SimpleLit' not found
Refreshing native plugins compatible for Editor in 0.57 ms, found 0 plugins.
Preloading 0 native plugins for Editor in 0.00 ms.
Unloading 2720 Unused Serialized files (Serialized files now loaded: 0)
System memory in use before: 143.8 MB.
System memory in use after: 144.0 MB.

Unloading 85 unused Assets to reduce memory usage. Loaded Objects now: 3438.
Total: 2.988900 ms (FindLiveObjects: 0.386900 ms CreateObjectMapping: 0.071300 ms MarkObjects: 2.404500 ms  DeleteObjects: 0.125200 ms)

========================================================================
Received Prepare
Registering precompiled user dll's ...
Registered in 0.001476 seconds.
Begin MonoManager ReloadAssembly
Native extension for WindowsStandalone target not found
Native extension for WebGL target not found
Refreshing native plugins compatible for Editor in 0.57 ms, found 0 plugins.
Preloading 0 native plugins for Editor in 0.00 ms.
Invoked RoslynAnalysisRunner static constructor.
RoslynAnalysisRunner will not be running.
RoslynAnalysisRunner has terminated.
Mono: successfully reloaded assembly
- Completed reload, in  0.922 seconds
Platform modules already initialized, skipping
Shader 'Universal Render Pipeline/Particles/Lit': fallback shader 'Universal Render Pipeline/Particles/SimpleLit' not found
Refreshing native plugins compatible for Editor in 0.57 ms, found 0 plugins.
Preloading 0 native plugins for Editor in 0.00 ms.
Unloading 2720 Unused Serialized files (Serialized files now loaded: 0)
System memory in use before: 143.8 MB.
System memory in use after: 144.0 MB.

Unloading 85 unused Assets to reduce memory usage. Loaded Objects now: 3441.
Total: 2.595300 ms (FindLiveObjects: 0.374600 ms CreateObjectMapping: 0.071800 ms MarkObjects: 2.053700 ms  DeleteObjects: 0.094300 ms)

========================================================================
Received Prepare
Registering precompiled user dll's ...
Registered in 0.001406 seconds.
Begin MonoManager ReloadAssembly
Native extension for WindowsStandalone target not found
Native extension for WebGL target not found
Refreshing native plugins compatible for Editor in 0.61 ms, found 0 plugins.
Preloading 0 native plugins for Editor in 0.00 ms.
Invoked RoslynAnalysisRunner static constructor.
RoslynAnalysisRunner will not be running.
RoslynAnalysisRunner has terminated.
Mono: successfully reloaded assembly
- Completed reload, in  0.869 seconds
Platform modules already initialized, skipping
Shader 'Universal Render Pipeline/Particles/Lit': fallback shader 'Universal Render Pipeline/Particles/SimpleLit' not found
Refreshing native plugins compatible for Editor in 0.55 ms, found 0 plugins.
Preloading 0 native plugins for Editor in 0.00 ms.
Unloading 2720 Unused Serialized files (Serialized files now loaded: 0)
System memory in use before: 143.8 MB.
System memory in use after: 144.0 MB.

Unloading 85 unused Assets to reduce memory usage. Loaded Objects now: 3444.
Total: 2.666300 ms (FindLiveObjects: 0.376900 ms CreateObjectMapping: 0.073200 ms MarkObjects: 2.117500 ms  DeleteObjects: 0.097100 ms)

========================================================================
Received Prepare
Registering precompiled user dll's ...
Registered in 0.001248 seconds.
Begin MonoManager ReloadAssembly
Native extension for WindowsStandalone target not found
Native extension for WebGL target not found
Refreshing native plugins compatible for Editor in 0.52 ms, found 0 plugins.
Preloading 0 native plugins for Editor in 0.00 ms.
Invoked RoslynAnalysisRunner static constructor.
RoslynAnalysisRunner will not be running.
RoslynAnalysisRunner has terminated.
Mono: successfully reloaded assembly
- Completed reload, in  0.841 seconds
Platform modules already initialized, skipping
Shader 'Universal Render Pipeline/Particles/Lit': fallback shader 'Universal Render Pipeline/Particles/SimpleLit' not found
Refreshing native plugins compatible for Editor in 0.54 ms, found 0 plugins.
Preloading 0 native plugins for Editor in 0.00 ms.
Unloading 2720 Unused Serialized files (Serialized files now loaded: 0)
System memory in use before: 143.8 MB.
System memory in use after: 144.0 MB.

Unloading 85 unused Assets to reduce memory usage. Loaded Objects now: 3447.
Total: 2.472300 ms (FindLiveObjects: 0.345900 ms CreateObjectMapping: 0.072000 ms MarkObjects: 1.960200 ms  DeleteObjects: 0.093000 ms)

========================================================================
Received Prepare
Registering precompiled user dll's ...
Registered in 0.001235 seconds.
Begin MonoManager ReloadAssembly
Native extension for WindowsStandalone target not found
Native extension for WebGL target not found
Refreshing native plugins compatible for Editor in 0.52 ms, found 0 plugins.
Preloading 0 native plugins for Editor in 0.00 ms.
Invoked RoslynAnalysisRunner static constructor.
RoslynAnalysisRunner will not be running.
RoslynAnalysisRunner has terminated.
Mono: successfully reloaded assembly
- Completed reload, in  0.850 seconds
Platform modules already initialized, skipping
Shader 'Universal Render Pipeline/Particles/Lit': fallback shader 'Universal Render Pipeline/Particles/SimpleLit' not found
Refreshing native plugins compatible for Editor in 0.51 ms, found 0 plugins.
Preloading 0 native plugins for Editor in 0.00 ms.
Unloading 2720 Unused Serialized files (Serialized files now loaded: 0)
System memory in use before: 143.8 MB.
System memory in use after: 144.0 MB.

Unloading 85 unused Assets to reduce memory usage. Loaded Objects now: 3450.
Total: 2.535800 ms (FindLiveObjects: 0.345700 ms CreateObjectMapping: 0.072700 ms MarkObjects: 2.019200 ms  DeleteObjects: 0.097100 ms)

========================================================================
Received Prepare
Registering precompiled user dll's ...
Registered in 0.001241 seconds.
Begin MonoManager ReloadAssembly
Native extension for WindowsStandalone target not found
Native extension for WebGL target not found
Refreshing native plugins compatible for Editor in 0.54 ms, found 0 plugins.
Preloading 0 native plugins for Editor in 0.00 ms.
Invoked RoslynAnalysisRunner static constructor.
RoslynAnalysisRunner will not be running.
RoslynAnalysisRunner has terminated.
Mono: successfully reloaded assembly
- Completed reload, in  0.866 seconds
Platform modules already initialized, skipping
Shader 'Universal Render Pipeline/Particles/Lit': fallback shader 'Universal Render Pipeline/Particles/SimpleLit' not found
Refreshing native plugins compatible for Editor in 0.58 ms, found 0 plugins.
Preloading 0 native plugins for Editor in 0.00 ms.
Unloading 2720 Unused Serialized files (Serialized files now loaded: 0)
System memory in use before: 143.8 MB.
System memory in use after: 144.0 MB.

Unloading 85 unused Assets to reduce memory usage. Loaded Objects now: 3453.
Total: 2.550400 ms (FindLiveObjects: 0.349800 ms CreateObjectMapping: 0.070500 ms MarkObjects: 2.035900 ms  DeleteObjects: 0.093400 ms)

========================================================================
Received Prepare
Registering precompiled user dll's ...
Registered in 0.001336 seconds.
Begin MonoManager ReloadAssembly
Native extension for WindowsStandalone target not found
Native extension for WebGL target not found
Refreshing native plugins compatible for Editor in 0.56 ms, found 0 plugins.
Preloading 0 native plugins for Editor in 0.00 ms.
Invoked RoslynAnalysisRunner static constructor.
RoslynAnalysisRunner will not be running.
RoslynAnalysisRunner has terminated.
Mono: successfully reloaded assembly
- Completed reload, in  0.874 seconds
Platform modules already initialized, skipping
Shader 'Universal Render Pipeline/Particles/Lit': fallback shader 'Universal Render Pipeline/Particles/SimpleLit' not found
Refreshing native plugins compatible for Editor in 0.55 ms, found 0 plugins.
Preloading 0 native plugins for Editor in 0.00 ms.
Unloading 2720 Unused Serialized files (Serialized files now loaded: 0)
System memory in use before: 143.8 MB.
System memory in use after: 144.0 MB.

Unloading 85 unused Assets to reduce memory usage. Loaded Objects now: 3456.
Total: 3.372000 ms (FindLiveObjects: 0.389700 ms CreateObjectMapping: 0.072600 ms MarkObjects: 2.788100 ms  DeleteObjects: 0.120400 ms)

========================================================================
Received Prepare
Registering precompiled user dll's ...
Registered in 0.001251 seconds.
Begin MonoManager ReloadAssembly
Native extension for WindowsStandalone target not found
Native extension for WebGL target not found
Refreshing native plugins compatible for Editor in 0.56 ms, found 0 plugins.
Preloading 0 native plugins for Editor in 0.00 ms.
Invoked RoslynAnalysisRunner static constructor.
RoslynAnalysisRunner will not be running.
RoslynAnalysisRunner has terminated.
Mono: successfully reloaded assembly
- Completed reload, in  0.845 seconds
Platform modules already initialized, skipping
Shader 'Universal Render Pipeline/Particles/Lit': fallback shader 'Universal Render Pipeline/Particles/SimpleLit' not found
Refreshing native plugins compatible for Editor in 0.44 ms, found 0 plugins.
Preloading 0 native plugins for Editor in 0.00 ms.
Unloading 2720 Unused Serialized files (Serialized files now loaded: 0)
System memory in use before: 143.8 MB.
System memory in use after: 144.1 MB.

Unloading 85 unused Assets to reduce memory usage. Loaded Objects now: 3459.
Total: 2.552100 ms (FindLiveObjects: 0.377500 ms CreateObjectMapping: 0.072400 ms MarkObjects: 2.006500 ms  DeleteObjects: 0.094500 ms)

========================================================================
Received Prepare
Registering precompiled user dll's ...
Registered in 0.001281 seconds.
Begin MonoManager ReloadAssembly
Native extension for WindowsStandalone target not found
Native extension for WebGL target not found
Refreshing native plugins compatible for Editor in 0.53 ms, found 0 plugins.
Preloading 0 native plugins for Editor in 0.00 ms.
Invoked RoslynAnalysisRunner static constructor.
RoslynAnalysisRunner will not be running.
RoslynAnalysisRunner has terminated.
Mono: successfully reloaded assembly
- Completed reload, in  0.838 seconds
Platform modules already initialized, skipping
Shader 'Universal Render Pipeline/Particles/Lit': fallback shader 'Universal Render Pipeline/Particles/SimpleLit' not found
Refreshing native plugins compatible for Editor in 0.56 ms, found 0 plugins.
Preloading 0 native plugins for Editor in 0.00 ms.
Unloading 2720 Unused Serialized files (Serialized files now loaded: 0)
System memory in use before: 143.8 MB.
System memory in use after: 144.1 MB.

Unloading 85 unused Assets to reduce memory usage. Loaded Objects now: 3462.
Total: 2.839500 ms (FindLiveObjects: 0.346800 ms CreateObjectMapping: 0.074700 ms MarkObjects: 2.289800 ms  DeleteObjects: 0.127000 ms)

========================================================================
Received Prepare
Registering precompiled user dll's ...
Registered in 0.001312 seconds.
Begin MonoManager ReloadAssembly
Native extension for WindowsStandalone target not found
Native extension for WebGL target not found
Refreshing native plugins compatible for Editor in 0.55 ms, found 0 plugins.
Preloading 0 native plugins for Editor in 0.00 ms.
Invoked RoslynAnalysisRunner static constructor.
RoslynAnalysisRunner will not be running.
RoslynAnalysisRunner has terminated.
Mono: successfully reloaded assembly
- Completed reload, in  0.849 seconds
Platform modules already initialized, skipping
Shader 'Universal Render Pipeline/Particles/Lit': fallback shader 'Universal Render Pipeline/Particles/SimpleLit' not found
Refreshing native plugins compatible for Editor in 0.56 ms, found 0 plugins.
Preloading 0 native plugins for Editor in 0.00 ms.
Unloading 2720 Unused Serialized files (Serialized files now loaded: 0)
System memory in use before: 143.8 MB.
System memory in use after: 144.1 MB.

Unloading 85 unused Assets to reduce memory usage. Loaded Objects now: 3465.
Total: 2.730600 ms (FindLiveObjects: 0.306500 ms CreateObjectMapping: 0.077300 ms MarkObjects: 2.235000 ms  DeleteObjects: 0.110600 ms)

========================================================================
Received Prepare
Registering precompiled user dll's ...
Registered in 0.001255 seconds.
Begin MonoManager ReloadAssembly
Native extension for WindowsStandalone target not found
Native extension for WebGL target not found
Refreshing native plugins compatible for Editor in 0.53 ms, found 0 plugins.
Preloading 0 native plugins for Editor in 0.00 ms.
Invoked RoslynAnalysisRunner static constructor.
RoslynAnalysisRunner will not be running.
RoslynAnalysisRunner has terminated.
Mono: successfully reloaded assembly
- Completed reload, in  0.845 seconds
Platform modules already initialized, skipping
Shader 'Universal Render Pipeline/Particles/Lit': fallback shader 'Universal Render Pipeline/Particles/SimpleLit' not found
Refreshing native plugins compatible for Editor in 0.56 ms, found 0 plugins.
Preloading 0 native plugins for Editor in 0.00 ms.
Unloading 2720 Unused Serialized files (Serialized files now loaded: 0)
System memory in use before: 143.9 MB.
System memory in use after: 144.1 MB.

Unloading 85 unused Assets to reduce memory usage. Loaded Objects now: 3468.
Total: 2.865700 ms (FindLiveObjects: 0.369800 ms CreateObjectMapping: 0.073100 ms MarkObjects: 2.298400 ms  DeleteObjects: 0.123300 ms)

========================================================================
Received Prepare
Registering precompiled user dll's ...
Registered in 0.001265 seconds.
Begin MonoManager ReloadAssembly
Native extension for WindowsStandalone target not found
Native extension for WebGL target not found
Refreshing native plugins compatible for Editor in 0.53 ms, found 0 plugins.
Preloading 0 native plugins for Editor in 0.00 ms.
Invoked RoslynAnalysisRunner static constructor.
RoslynAnalysisRunner will not be running.
RoslynAnalysisRunner has terminated.
Mono: successfully reloaded assembly
- Completed reload, in  0.844 seconds
Platform modules already initialized, skipping
Shader 'Universal Render Pipeline/Particles/Lit': fallback shader 'Universal Render Pipeline/Particles/SimpleLit' not found
Refreshing native plugins compatible for Editor in 0.56 ms, found 0 plugins.
Preloading 0 native plugins for Editor in 0.00 ms.
Unloading 2720 Unused Serialized files (Serialized files now loaded: 0)
System memory in use before: 143.9 MB.
System memory in use after: 144.1 MB.

Unloading 85 unused Assets to reduce memory usage. Loaded Objects now: 3471.
Total: 2.744800 ms (FindLiveObjects: 0.390900 ms CreateObjectMapping: 0.077100 ms MarkObjects: 2.173300 ms  DeleteObjects: 0.102400 ms)

========================================================================
Received Prepare
Registering precompiled user dll's ...
Registered in 0.001388 seconds.
Begin MonoManager ReloadAssembly
Native extension for WindowsStandalone target not found
Native extension for WebGL target not found
Refreshing native plugins compatible for Editor in 0.52 ms, found 0 plugins.
Preloading 0 native plugins for Editor in 0.00 ms.
Invoked RoslynAnalysisRunner static constructor.
RoslynAnalysisRunner will not be running.
RoslynAnalysisRunner has terminated.
Mono: successfully reloaded assembly
- Completed reload, in  0.835 seconds
Platform modules already initialized, skipping
Shader 'Universal Render Pipeline/Particles/Lit': fallback shader 'Universal Render Pipeline/Particles/SimpleLit' not found
Refreshing native plugins compatible for Editor in 0.53 ms, found 0 plugins.
Preloading 0 native plugins for Editor in 0.00 ms.
Unloading 2720 Unused Serialized files (Serialized files now loaded: 0)
System memory in use before: 143.9 MB.
System memory in use after: 144.1 MB.

Unloading 85 unused Assets to reduce memory usage. Loaded Objects now: 3474.
Total: 2.539200 ms (FindLiveObjects: 0.344200 ms CreateObjectMapping: 0.072800 ms MarkObjects: 2.023100 ms  DeleteObjects: 0.098100 ms)

========================================================================
Received Import Request.
  Time since last request: 558.114326 seconds.
  path: Assets/Prefabs/BulletParticle.prefab
  artifactKey: Guid(c0e27dc49e38b414186c22cfc0efb836) Importer(815301076,1909f56bfc062723c751e8b465ee728b)
Start importing Assets/Prefabs/BulletParticle.prefab using Guid(c0e27dc49e38b414186c22cfc0efb836) Importer(815301076,1909f56bfc062723c751e8b465ee728b)  -> (artifact id: '9c9035fd9f6bee24c63b5a20dcb95ede') in 0.016754 seconds
  Import took 0.039645 seconds .

========================================================================
Received Prepare
Registering precompiled user dll's ...
Registered in 0.001307 seconds.
Begin MonoManager ReloadAssembly
Native extension for WindowsStandalone target not found
Native extension for WebGL target not found
Refreshing native plugins compatible for Editor in 0.53 ms, found 0 plugins.
Preloading 0 native plugins for Editor in 0.00 ms.
Invoked RoslynAnalysisRunner static constructor.
RoslynAnalysisRunner will not be running.
RoslynAnalysisRunner has terminated.
Mono: successfully reloaded assembly
- Completed reload, in  0.926 seconds
Platform modules already initialized, skipping
Shader 'Universal Render Pipeline/Particles/Lit': fallback shader 'Universal Render Pipeline/Particles/SimpleLit' not found
Refreshing native plugins compatible for Editor in 0.55 ms, found 0 plugins.
Preloading 0 native plugins for Editor in 0.00 ms.
Unloading 2720 Unused Serialized files (Serialized files now loaded: 0)
System memory in use before: 143.9 MB.
System memory in use after: 144.1 MB.

Unloading 85 unused Assets to reduce memory usage. Loaded Objects now: 3477.
Total: 2.686900 ms (FindLiveObjects: 0.378500 ms CreateObjectMapping: 0.072400 ms MarkObjects: 2.128700 ms  DeleteObjects: 0.106000 ms)

========================================================================
Received Prepare
Registering precompiled user dll's ...
Registered in 0.001268 seconds.
Begin MonoManager ReloadAssembly
Native extension for WindowsStandalone target not found
Native extension for WebGL target not found
Refreshing native plugins compatible for Editor in 0.63 ms, found 0 plugins.
Preloading 0 native plugins for Editor in 0.00 ms.
Invoked RoslynAnalysisRunner static constructor.
RoslynAnalysisRunner will not be running.
RoslynAnalysisRunner has terminated.
Mono: successfully reloaded assembly
- Completed reload, in  0.903 seconds
Platform modules already initialized, skipping
Shader 'Universal Render Pipeline/Particles/Lit': fallback shader 'Universal Render Pipeline/Particles/SimpleLit' not found
Refreshing native plugins compatible for Editor in 0.53 ms, found 0 plugins.
Preloading 0 native plugins for Editor in 0.00 ms.
Unloading 2720 Unused Serialized files (Serialized files now loaded: 0)
System memory in use before: 143.9 MB.
System memory in use after: 144.1 MB.

Unloading 85 unused Assets to reduce memory usage. Loaded Objects now: 3480.
Total: 2.517500 ms (FindLiveObjects: 0.345200 ms CreateObjectMapping: 0.071700 ms MarkObjects: 2.005700 ms  DeleteObjects: 0.094000 ms)

========================================================================
Received Prepare
Registering precompiled user dll's ...
Registered in 0.001299 seconds.
Begin MonoManager ReloadAssembly
Native extension for WindowsStandalone target not found
Native extension for WebGL target not found
Refreshing native plugins compatible for Editor in 0.53 ms, found 0 plugins.
Preloading 0 native plugins for Editor in 0.00 ms.
Invoked RoslynAnalysisRunner static constructor.
RoslynAnalysisRunner will not be running.
RoslynAnalysisRunner has terminated.
Mono: successfully reloaded assembly
- Completed reload, in  0.855 seconds
Platform modules already initialized, skipping
Shader 'Universal Render Pipeline/Particles/Lit': fallback shader 'Universal Render Pipeline/Particles/SimpleLit' not found
Refreshing native plugins compatible for Editor in 0.52 ms, found 0 plugins.
Preloading 0 native plugins for Editor in 0.00 ms.
Unloading 2720 Unused Serialized files (Serialized files now loaded: 0)
System memory in use before: 143.9 MB.
System memory in use after: 144.1 MB.

Unloading 85 unused Assets to reduce memory usage. Loaded Objects now: 3483.
Total: 2.550600 ms (FindLiveObjects: 0.371000 ms CreateObjectMapping: 0.072400 ms MarkObjects: 2.008300 ms  DeleteObjects: 0.097500 ms)

========================================================================
Received Prepare
Registering precompiled user dll's ...
Registered in 0.001336 seconds.
Begin MonoManager ReloadAssembly
Native extension for WindowsStandalone target not found
Native extension for WebGL target not found
Refreshing native plugins compatible for Editor in 0.62 ms, found 0 plugins.
Preloading 0 native plugins for Editor in 0.00 ms.
Invoked RoslynAnalysisRunner static constructor.
RoslynAnalysisRunner will not be running.
RoslynAnalysisRunner has terminated.
Mono: successfully reloaded assembly
- Completed reload, in  0.944 seconds
Platform modules already initialized, skipping
Shader 'Universal Render Pipeline/Particles/Lit': fallback shader 'Universal Render Pipeline/Particles/SimpleLit' not found
Refreshing native plugins compatible for Editor in 0.62 ms, found 0 plugins.
Preloading 0 native plugins for Editor in 0.00 ms.
Unloading 2720 Unused Serialized files (Serialized files now loaded: 0)
System memory in use before: 143.9 MB.
System memory in use after: 144.1 MB.

Unloading 85 unused Assets to reduce memory usage. Loaded Objects now: 3486.
Total: 2.842400 ms (FindLiveObjects: 0.397900 ms CreateObjectMapping: 0.076000 ms MarkObjects: 2.203100 ms  DeleteObjects: 0.164400 ms)

========================================================================
Received Prepare
Registering precompiled user dll's ...
Registered in 0.001321 seconds.
Begin MonoManager ReloadAssembly
Native extension for WindowsStandalone target not found
Native extension for WebGL target not found
Refreshing native plugins compatible for Editor in 0.52 ms, found 0 plugins.
Preloading 0 native plugins for Editor in 0.00 ms.
Invoked RoslynAnalysisRunner static constructor.
RoslynAnalysisRunner will not be running.
RoslynAnalysisRunner has terminated.
Mono: successfully reloaded assembly
- Completed reload, in  0.856 seconds
Platform modules already initialized, skipping
Shader 'Universal Render Pipeline/Particles/Lit': fallback shader 'Universal Render Pipeline/Particles/SimpleLit' not found
Refreshing native plugins compatible for Editor in 0.55 ms, found 0 plugins.
Preloading 0 native plugins for Editor in 0.00 ms.
Unloading 2720 Unused Serialized files (Serialized files now loaded: 0)
System memory in use before: 143.9 MB.
System memory in use after: 144.1 MB.

Unloading 85 unused Assets to reduce memory usage. Loaded Objects now: 3489.
Total: 3.022200 ms (FindLiveObjects: 0.364900 ms CreateObjectMapping: 0.074600 ms MarkObjects: 2.440800 ms  DeleteObjects: 0.140300 ms)

========================================================================
Received Prepare
Registering precompiled user dll's ...
Registered in 0.001342 seconds.
Begin MonoManager ReloadAssembly
Native extension for WindowsStandalone target not found
Native extension for WebGL target not found
Refreshing native plugins compatible for Editor in 0.51 ms, found 0 plugins.
Preloading 0 native plugins for Editor in 0.00 ms.
Invoked RoslynAnalysisRunner static constructor.
RoslynAnalysisRunner will not be running.
RoslynAnalysisRunner has terminated.
Mono: successfully reloaded assembly
- Completed reload, in  0.872 seconds
Platform modules already initialized, skipping
Shader 'Universal Render Pipeline/Particles/Lit': fallback shader 'Universal Render Pipeline/Particles/SimpleLit' not found
Refreshing native plugins compatible for Editor in 0.55 ms, found 0 plugins.
Preloading 0 native plugins for Editor in 0.00 ms.
Unloading 2720 Unused Serialized files (Serialized files now loaded: 0)
System memory in use before: 143.9 MB.
System memory in use after: 144.1 MB.

Unloading 85 unused Assets to reduce memory usage. Loaded Objects now: 3492.
Total: 2.601300 ms (FindLiveObjects: 0.362000 ms CreateObjectMapping: 0.072900 ms MarkObjects: 2.068400 ms  DeleteObjects: 0.096800 ms)

========================================================================
Received Prepare
Registering precompiled user dll's ...
Registered in 0.001619 seconds.
Begin MonoManager ReloadAssembly
Native extension for WindowsStandalone target not found
Native extension for WebGL target not found
Refreshing native plugins compatible for Editor in 0.68 ms, found 0 plugins.
Preloading 0 native plugins for Editor in 0.00 ms.
Invoked RoslynAnalysisRunner static constructor.
RoslynAnalysisRunner will not be running.
RoslynAnalysisRunner has terminated.
Mono: successfully reloaded assembly
- Completed reload, in  0.927 seconds
Platform modules already initialized, skipping
Shader 'Universal Render Pipeline/Particles/Lit': fallback shader 'Universal Render Pipeline/Particles/SimpleLit' not found
Refreshing native plugins compatible for Editor in 0.77 ms, found 0 plugins.
Preloading 0 native plugins for Editor in 0.00 ms.
Unloading 2720 Unused Serialized files (Serialized files now loaded: 0)
System memory in use before: 143.9 MB.
System memory in use after: 144.1 MB.

Unloading 85 unused Assets to reduce memory usage. Loaded Objects now: 3495.
Total: 4.314600 ms (FindLiveObjects: 0.533000 ms CreateObjectMapping: 0.101100 ms MarkObjects: 3.512000 ms  DeleteObjects: 0.166900 ms)

========================================================================
Received Import Request.
  Time since last request: 6737.847815 seconds.
  path: Assets/Models/Models/GetWellSoon.fbx
  artifactKey: Guid(a1d079f918be698489c78961730dfaf0) Importer(815301076,1909f56bfc062723c751e8b465ee728b)
Start importing Assets/Models/Models/GetWellSoon.fbx using Guid(a1d079f918be698489c78961730dfaf0) Importer(815301076,1909f56bfc062723c751e8b465ee728b)  -> (artifact id: '7ad80b99c5e2dfa7abaa380e4f4b7ca9') in 0.180641 seconds
  Import took 0.201366 seconds .

========================================================================
Received Prepare
Registering precompiled user dll's ...
Registered in 0.001355 seconds.
Begin MonoManager ReloadAssembly
Native extension for WindowsStandalone target not found
Native extension for WebGL target not found
Refreshing native plugins compatible for Editor in 0.62 ms, found 0 plugins.
Preloading 0 native plugins for Editor in 0.00 ms.
Invoked RoslynAnalysisRunner static constructor.
RoslynAnalysisRunner will not be running.
RoslynAnalysisRunner has terminated.
Mono: successfully reloaded assembly
- Completed reload, in  0.876 seconds
Platform modules already initialized, skipping
Shader 'Universal Render Pipeline/Particles/Lit': fallback shader 'Universal Render Pipeline/Particles/SimpleLit' not found
Refreshing native plugins compatible for Editor in 0.57 ms, found 0 plugins.
Preloading 0 native plugins for Editor in 0.00 ms.
Unloading 2720 Unused Serialized files (Serialized files now loaded: 0)
System memory in use before: 144.0 MB.
System memory in use after: 144.3 MB.

Unloading 85 unused Assets to reduce memory usage. Loaded Objects now: 3534.
Total: 2.716000 ms (FindLiveObjects: 0.398800 ms CreateObjectMapping: 0.076100 ms MarkObjects: 2.143500 ms  DeleteObjects: 0.096300 ms)

========================================================================
Received Prepare
Registering precompiled user dll's ...
Registered in 0.001298 seconds.
Begin MonoManager ReloadAssembly
Native extension for WindowsStandalone target not found
Native extension for WebGL target not found
Refreshing native plugins compatible for Editor in 0.52 ms, found 0 plugins.
Preloading 0 native plugins for Editor in 0.00 ms.
Invoked RoslynAnalysisRunner static constructor.
RoslynAnalysisRunner will not be running.
RoslynAnalysisRunner has terminated.
Mono: successfully reloaded assembly
- Completed reload, in  0.860 seconds
Platform modules already initialized, skipping
Shader 'Universal Render Pipeline/Particles/Lit': fallback shader 'Universal Render Pipeline/Particles/SimpleLit' not found
Refreshing native plugins compatible for Editor in 0.52 ms, found 0 plugins.
Preloading 0 native plugins for Editor in 0.00 ms.
Unloading 2720 Unused Serialized files (Serialized files now loaded: 0)
System memory in use before: 144.0 MB.
System memory in use after: 144.3 MB.

Unloading 85 unused Assets to reduce memory usage. Loaded Objects now: 3537.
Total: 2.564300 ms (FindLiveObjects: 0.337200 ms CreateObjectMapping: 0.074400 ms MarkObjects: 2.062000 ms  DeleteObjects: 0.089800 ms)

========================================================================
Received Prepare
Registering precompiled user dll's ...
Registered in 0.001426 seconds.
Begin MonoManager ReloadAssembly
Native extension for WindowsStandalone target not found
Native extension for WebGL target not found
Refreshing native plugins compatible for Editor in 0.62 ms, found 0 plugins.
Preloading 0 native plugins for Editor in 0.00 ms.
Invoked RoslynAnalysisRunner static constructor.
RoslynAnalysisRunner will not be running.
RoslynAnalysisRunner has terminated.
Mono: successfully reloaded assembly
- Completed reload, in  0.932 seconds
Platform modules already initialized, skipping
Shader 'Universal Render Pipeline/Particles/Lit': fallback shader 'Universal Render Pipeline/Particles/SimpleLit' not found
Refreshing native plugins compatible for Editor in 0.55 ms, found 0 plugins.
Preloading 0 native plugins for Editor in 0.00 ms.
Unloading 2720 Unused Serialized files (Serialized files now loaded: 0)
System memory in use before: 144.0 MB.
System memory in use after: 144.3 MB.

Unloading 85 unused Assets to reduce memory usage. Loaded Objects now: 3540.
Total: 3.832600 ms (FindLiveObjects: 0.486600 ms CreateObjectMapping: 0.076400 ms MarkObjects: 3.123900 ms  DeleteObjects: 0.144300 ms)

========================================================================
Received Prepare
Registering precompiled user dll's ...
Registered in 0.001252 seconds.
Begin MonoManager ReloadAssembly
Native extension for WindowsStandalone target not found
Native extension for WebGL target not found
Refreshing native plugins compatible for Editor in 0.66 ms, found 0 plugins.
Preloading 0 native plugins for Editor in 0.00 ms.
Invoked RoslynAnalysisRunner static constructor.
RoslynAnalysisRunner will not be running.
RoslynAnalysisRunner has terminated.
Mono: successfully reloaded assembly
- Completed reload, in  0.903 seconds
Platform modules already initialized, skipping
Shader 'Universal Render Pipeline/Particles/Lit': fallback shader 'Universal Render Pipeline/Particles/SimpleLit' not found
Refreshing native plugins compatible for Editor in 0.56 ms, found 0 plugins.
Preloading 0 native plugins for Editor in 0.00 ms.
Unloading 2720 Unused Serialized files (Serialized files now loaded: 0)
System memory in use before: 144.0 MB.
System memory in use after: 144.3 MB.

Unloading 85 unused Assets to reduce memory usage. Loaded Objects now: 3543.
Total: 2.602500 ms (FindLiveObjects: 0.377000 ms CreateObjectMapping: 0.071600 ms MarkObjects: 2.059700 ms  DeleteObjects: 0.093200 ms)

========================================================================
Received Import Request.
  Time since last request: 383.545597 seconds.
  path: Assets/Materials/Destructible.mat
  artifactKey: Guid(f82ed03cb5a85f845a6aee123bff5c81) Importer(815301076,1909f56bfc062723c751e8b465ee728b)
Start importing Assets/Materials/Destructible.mat using Guid(f82ed03cb5a85f845a6aee123bff5c81) Importer(815301076,1909f56bfc062723c751e8b465ee728b)  -> (artifact id: 'ca7446bd20131d7ede88927397ecb104') in 0.148854 seconds
  Import took 0.185696 seconds .

========================================================================
Received Import Request.
  Time since last request: 1180.434984 seconds.
  path: Assets/Scripts/Interactables/Padlock.cs
  artifactKey: Guid(e0fbdee73f18a5f40be9dbb408942b69) Importer(815301076,1909f56bfc062723c751e8b465ee728b)
Start importing Assets/Scripts/Interactables/Padlock.cs using Guid(e0fbdee73f18a5f40be9dbb408942b69) Importer(815301076,1909f56bfc062723c751e8b465ee728b)  -> (artifact id: '75ee88c87a354d686e609440f227ea24') in 0.028266 seconds
  Import took 0.033890 seconds .

========================================================================
Received Prepare
Registering precompiled user dll's ...
Registered in 0.001300 seconds.
Begin MonoManager ReloadAssembly
Native extension for WindowsStandalone target not found
Native extension for WebGL target not found
Refreshing native plugins compatible for Editor in 0.52 ms, found 0 plugins.
Preloading 0 native plugins for Editor in 0.00 ms.
Invoked RoslynAnalysisRunner static constructor.
RoslynAnalysisRunner will not be running.
RoslynAnalysisRunner has terminated.
Mono: successfully reloaded assembly
- Completed reload, in  0.948 seconds
Platform modules already initialized, skipping
Shader 'Universal Render Pipeline/Particles/Lit': fallback shader 'Universal Render Pipeline/Particles/SimpleLit' not found
Refreshing native plugins compatible for Editor in 0.57 ms, found 0 plugins.
Preloading 0 native plugins for Editor in 0.00 ms.
Unloading 2721 Unused Serialized files (Serialized files now loaded: 0)
System memory in use before: 144.2 MB.
System memory in use after: 144.4 MB.

Unloading 85 unused Assets to reduce memory usage. Loaded Objects now: 3583.
Total: 2.812500 ms (FindLiveObjects: 0.396500 ms CreateObjectMapping: 0.077800 ms MarkObjects: 2.234700 ms  DeleteObjects: 0.102100 ms)

========================================================================
Received Import Request.
  Time since last request: 126.384318 seconds.
  path: Assets/Scripts/Interactables/Padlock.cs
  artifactKey: Guid(e0fbdee73f18a5f40be9dbb408942b69) Importer(815301076,1909f56bfc062723c751e8b465ee728b)
Start importing Assets/Scripts/Interactables/Padlock.cs using Guid(e0fbdee73f18a5f40be9dbb408942b69) Importer(815301076,1909f56bfc062723c751e8b465ee728b)  -> (artifact id: '3212aefc9a1b4ac0ee415007e0e5fc8b') in 0.005952 seconds
  Import took 0.040517 seconds .

========================================================================
Received Import Request.
  Time since last request: 50.564274 seconds.
  path: Assets/Prefabs/PlaceholderDestructible.prefab
  artifactKey: Guid(e15df109bee9d304cb8df7d799307a3b) Importer(815301076,1909f56bfc062723c751e8b465ee728b)
Start importing Assets/Prefabs/PlaceholderDestructible.prefab using Guid(e15df109bee9d304cb8df7d799307a3b) Importer(815301076,1909f56bfc062723c751e8b465ee728b)  -> (artifact id: '81ec3518051ce1d3dd8b5d1b40c56894') in 0.140390 seconds
  Import took 0.175025 seconds .

========================================================================
Received Prepare
Registering precompiled user dll's ...
Registered in 0.001318 seconds.
Begin MonoManager ReloadAssembly
Native extension for WindowsStandalone target not found
Native extension for WebGL target not found
Refreshing native plugins compatible for Editor in 0.57 ms, found 0 plugins.
Preloading 0 native plugins for Editor in 0.00 ms.
Invoked RoslynAnalysisRunner static constructor.
RoslynAnalysisRunner will not be running.
RoslynAnalysisRunner has terminated.
Mono: successfully reloaded assembly
- Completed reload, in  0.856 seconds
Platform modules already initialized, skipping
Shader 'Universal Render Pipeline/Particles/Lit': fallback shader 'Universal Render Pipeline/Particles/SimpleLit' not found
Refreshing native plugins compatible for Editor in 0.57 ms, found 0 plugins.
Preloading 0 native plugins for Editor in 0.00 ms.
Unloading 2721 Unused Serialized files (Serialized files now loaded: 0)
System memory in use before: 144.4 MB.
System memory in use after: 144.6 MB.

Unloading 85 unused Assets to reduce memory usage. Loaded Objects now: 3623.
Total: 3.196900 ms (FindLiveObjects: 0.419100 ms CreateObjectMapping: 0.075900 ms MarkObjects: 2.582400 ms  DeleteObjects: 0.117900 ms)

========================================================================
Received Import Request.
  Time since last request: 93.604435 seconds.
  path: Assets/Models/Models
  artifactKey: Guid(754ef91571572c24bb5e17dac5dd2f04) Importer(815301076,1909f56bfc062723c751e8b465ee728b)
Start importing Assets/Models/Models using Guid(754ef91571572c24bb5e17dac5dd2f04) Importer(815301076,1909f56bfc062723c751e8b465ee728b)  -> (artifact id: '606b54568583ca96701ae1a89d84a02a') in 0.010289 seconds
  Import took 0.418274 seconds .

========================================================================
Received Import Request.
  Time since last request: 0.000155 seconds.
  path: Assets/Models/Models/Padlock_R.fbx
  artifactKey: Guid(3dbd7f792a24a254cba051092fad6dd6) Importer(815301076,1909f56bfc062723c751e8b465ee728b)
Start importing Assets/Models/Models/Padlock_R.fbx using Guid(3dbd7f792a24a254cba051092fad6dd6) Importer(815301076,1909f56bfc062723c751e8b465ee728b)  -> (artifact id: 'a2b89a0b610f27c04cec0858488fb3c8') in 0.130870 seconds
  Import took 0.144523 seconds .

========================================================================
Received Import Request.
  Time since last request: 0.000173 seconds.
  path: Assets/Models/Models/Padlock.fbx
  artifactKey: Guid(2af28bc491160884ba7ec068a8b06e48) Importer(815301076,1909f56bfc062723c751e8b465ee728b)
Start importing Assets/Models/Models/Padlock.fbx using Guid(2af28bc491160884ba7ec068a8b06e48) Importer(815301076,1909f56bfc062723c751e8b465ee728b)  -> (artifact id: '52e0474c4def5307ca14ed98d3762d35') in 0.015370 seconds
  Import took 0.019140 seconds .

========================================================================
Received Import Request.
  Time since last request: 0.000163 seconds.
  path: Assets/Models/Models/Padlock_L.fbx
  artifactKey: Guid(cdc1149850930754abce4f3a43f0f49f) Importer(815301076,1909f56bfc062723c751e8b465ee728b)
Start importing Assets/Models/Models/Padlock_L.fbx using Guid(cdc1149850930754abce4f3a43f0f49f) Importer(815301076,1909f56bfc062723c751e8b465ee728b)  -> (artifact id: 'ba7e04623fa5d64d6e1cac7cea32805e') in 0.015943 seconds
  Import took 0.043289 seconds .

========================================================================
Received Import Request.
  Time since last request: 57.426413 seconds.
  path: Assets/Models/Models/Padlock.fbx
  artifactKey: Guid(2af28bc491160884ba7ec068a8b06e48) Importer(815301076,1909f56bfc062723c751e8b465ee728b)
Start importing Assets/Models/Models/Padlock.fbx using Guid(2af28bc491160884ba7ec068a8b06e48) Importer(815301076,1909f56bfc062723c751e8b465ee728b)  -> (artifact id: '43c7663e6daaeeb2bd6351e59a978d99') in 0.017927 seconds
  Import took 0.022631 seconds .

========================================================================
Received Import Request.
  Time since last request: 0.000220 seconds.
  path: Assets/Models/Models/Padlock_R.fbx
  artifactKey: Guid(3dbd7f792a24a254cba051092fad6dd6) Importer(815301076,1909f56bfc062723c751e8b465ee728b)
Start importing Assets/Models/Models/Padlock_R.fbx using Guid(3dbd7f792a24a254cba051092fad6dd6) Importer(815301076,1909f56bfc062723c751e8b465ee728b)  -> (artifact id: '285fc405af66629eee84ade8f1ed4ac6') in 0.016646 seconds
  Import took 0.031479 seconds .

========================================================================
Received Import Request.
  Time since last request: 1.889833 seconds.
  path: Assets/Models/Blend/MiscItems.blend
  artifactKey: Guid(4abd77716bc42134fa3fdc60fb51bad1) Importer(815301076,1909f56bfc062723c751e8b465ee728b)
Start importing Assets/Models/Blend/MiscItems.blend using Guid(4abd77716bc42134fa3fdc60fb51bad1) Importer(815301076,1909f56bfc062723c751e8b465ee728b)  -> (artifact id: '7051c270b46846a900366280773db147') in 0.057510 seconds
  Import took 0.062127 seconds .

========================================================================
Received Import Request.
  Time since last request: 0.006637 seconds.
  path: Assets/Models/Blend/MiscItems.blend
  artifactKey: Guid(4abd77716bc42134fa3fdc60fb51bad1) Importer(815301076,1909f56bfc062723c751e8b465ee728b)
Start importing Assets/Models/Blend/MiscItems.blend using Guid(4abd77716bc42134fa3fdc60fb51bad1) Importer(815301076,1909f56bfc062723c751e8b465ee728b)  -> (artifact id: '7051c270b46846a900366280773db147') in 0.042613 seconds
  Import took 0.047104 seconds .

========================================================================
Received Import Request.
  Time since last request: 81.621167 seconds.
  path: Assets/Prefabs/Padlock_L.prefab
  artifactKey: Guid(633d6509e1242ca4f8951e8898c48ddf) Importer(815301076,1909f56bfc062723c751e8b465ee728b)
Start importing Assets/Prefabs/Padlock_L.prefab using Guid(633d6509e1242ca4f8951e8898c48ddf) Importer(815301076,1909f56bfc062723c751e8b465ee728b)  -> (artifact id: '273cfdd4e9b4312ee220aae6d8ae135b') in 0.015719 seconds
  Import took 0.020282 seconds .

========================================================================
Received Import Request.
  Time since last request: 2.487132 seconds.
  path: Assets/Prefabs/Padlock_R.prefab
  artifactKey: Guid(3ac74610d64c99e4e88dee573ccd27c3) Importer(815301076,1909f56bfc062723c751e8b465ee728b)
Start importing Assets/Prefabs/Padlock_R.prefab using Guid(3ac74610d64c99e4e88dee573ccd27c3) Importer(815301076,1909f56bfc062723c751e8b465ee728b)  -> (artifact id: 'e82e15dcf14e36cde529d0961651e84e') in 0.015068 seconds
  Import took 0.020057 seconds .

========================================================================
Received Prepare
Registering precompiled user dll's ...
Registered in 0.001309 seconds.
Begin MonoManager ReloadAssembly
Native extension for WindowsStandalone target not found
Native extension for WebGL target not found
Refreshing native plugins compatible for Editor in 0.56 ms, found 0 plugins.
Preloading 0 native plugins for Editor in 0.00 ms.
Invoked RoslynAnalysisRunner static constructor.
RoslynAnalysisRunner will not be running.
RoslynAnalysisRunner has terminated.
Mono: successfully reloaded assembly
- Completed reload, in  0.847 seconds
Platform modules already initialized, skipping
Shader 'Universal Render Pipeline/Particles/Lit': fallback shader 'Universal Render Pipeline/Particles/SimpleLit' not found
Refreshing native plugins compatible for Editor in 0.54 ms, found 0 plugins.
Preloading 0 native plugins for Editor in 0.00 ms.
Unloading 2721 Unused Serialized files (Serialized files now loaded: 0)
System memory in use before: 144.5 MB.
System memory in use after: 144.8 MB.

Unloading 85 unused Assets to reduce memory usage. Loaded Objects now: 3662.
Total: 2.820800 ms (FindLiveObjects: 0.387300 ms CreateObjectMapping: 0.075800 ms MarkObjects: 2.258600 ms  DeleteObjects: 0.098200 ms)

========================================================================
Received Prepare
Registering precompiled user dll's ...
Registered in 0.001568 seconds.
Begin MonoManager ReloadAssembly
Native extension for WindowsStandalone target not found
Native extension for WebGL target not found
Refreshing native plugins compatible for Editor in 0.57 ms, found 0 plugins.
Preloading 0 native plugins for Editor in 0.00 ms.
Invoked RoslynAnalysisRunner static constructor.
RoslynAnalysisRunner will not be running.
RoslynAnalysisRunner has terminated.
Mono: successfully reloaded assembly
- Completed reload, in  0.936 seconds
Platform modules already initialized, skipping
Shader 'Universal Render Pipeline/Particles/Lit': fallback shader 'Universal Render Pipeline/Particles/SimpleLit' not found
Refreshing native plugins compatible for Editor in 0.57 ms, found 0 plugins.
Preloading 0 native plugins for Editor in 0.00 ms.
Unloading 2721 Unused Serialized files (Serialized files now loaded: 0)
System memory in use before: 144.5 MB.
System memory in use after: 144.8 MB.

Unloading 85 unused Assets to reduce memory usage. Loaded Objects now: 3665.
Total: 3.180900 ms (FindLiveObjects: 0.420400 ms CreateObjectMapping: 0.076000 ms MarkObjects: 2.569800 ms  DeleteObjects: 0.113900 ms)

========================================================================
Received Import Request.
  Time since last request: 198.954584 seconds.
  path: Assets/Prefabs/Padlock_L.prefab
  artifactKey: Guid(633d6509e1242ca4f8951e8898c48ddf) Importer(815301076,1909f56bfc062723c751e8b465ee728b)
Start importing Assets/Prefabs/Padlock_L.prefab using Guid(633d6509e1242ca4f8951e8898c48ddf) Importer(815301076,1909f56bfc062723c751e8b465ee728b)  -> (artifact id: 'afd321255f0da4e9590077e62e35b61a') in 0.128536 seconds
  Import took 0.143596 seconds .

========================================================================
Received Import Request.
  Time since last request: 0.000186 seconds.
  path: Assets/Prefabs/Padlock_R.prefab
  artifactKey: Guid(3ac74610d64c99e4e88dee573ccd27c3) Importer(815301076,1909f56bfc062723c751e8b465ee728b)
Start importing Assets/Prefabs/Padlock_R.prefab using Guid(3ac74610d64c99e4e88dee573ccd27c3) Importer(815301076,1909f56bfc062723c751e8b465ee728b)  -> (artifact id: 'c96ad01f41003c4807dc73bdd9727309') in 0.007976 seconds
  Import took 0.028396 seconds .

========================================================================
Received Prepare
Registering precompiled user dll's ...
Registered in 0.001267 seconds.
Begin MonoManager ReloadAssembly
Native extension for WindowsStandalone target not found
Native extension for WebGL target not found
Refreshing native plugins compatible for Editor in 0.64 ms, found 0 plugins.
Preloading 0 native plugins for Editor in 0.00 ms.
Invoked RoslynAnalysisRunner static constructor.
RoslynAnalysisRunner will not be running.
RoslynAnalysisRunner has terminated.
Mono: successfully reloaded assembly
- Completed reload, in  0.874 seconds
Platform modules already initialized, skipping
Shader 'Universal Render Pipeline/Particles/Lit': fallback shader 'Universal Render Pipeline/Particles/SimpleLit' not found
Refreshing native plugins compatible for Editor in 0.52 ms, found 0 plugins.
Preloading 0 native plugins for Editor in 0.00 ms.
Unloading 2721 Unused Serialized files (Serialized files now loaded: 0)
System memory in use before: 144.7 MB.
System memory in use after: 144.9 MB.

Unloading 85 unused Assets to reduce memory usage. Loaded Objects now: 3704.
Total: 2.852600 ms (FindLiveObjects: 0.355700 ms CreateObjectMapping: 0.075700 ms MarkObjects: 2.324000 ms  DeleteObjects: 0.096300 ms)

AssetImportWorkerClient::OnTransportError - code=2 error=End of file
