Using pre-set license
Built from '2020.3/staging' branch; Version is '2020.3.0f1 (c7b5465681fb) revision 13088070'; Using compiler version '192528614'; Build Type 'Release'
OS: 'Windows 10 Home; OS build 19042.867; Version 2009; 64bit' Language: 'en' Physical Memory: 16334 MB
BatchMode: 1, IsHumanControllingUs: 0, StartBugReporterOnCrash: 0, Is64bit: 1, IsPro: 0

 COMMAND LINE ARGUMENTS:
C:\Program Files\Unity\Hub\Editor\2020.3.0f1\Editor\Unity.exe
-adb2
-batchMode
-noUpm
-name
AssetImportWorker1
-projectPath
E:/Unity/LearningProjects/GJL2021/GJLJam
-logFile
Logs/AssetImportWorker1.log
-srvPort
29695
Successfully changed project path to: E:/Unity/LearningProjects/GJL2021/GJLJam
E:/Unity/LearningProjects/GJL2021/GJLJam
Using Asset Import Pipeline V2.
Refreshing native plugins compatible for Editor in 42.10 ms, found 0 plugins.
Preloading 0 native plugins for Editor in 0.00 ms.
Initialize engine version: 2020.3.0f1 (c7b5465681fb)
[Subsystems] Discovering subsystems at path C:/Program Files/Unity/Hub/Editor/2020.3.0f1/Editor/Data/Resources/UnitySubsystems
[Subsystems] Discovering subsystems at path E:/Unity/LearningProjects/GJL2021/GJLJam/Assets
GfxDevice: creating device client; threaded=0
Direct3D:
    Version:  Direct3D 11.0 [level 11.1]
    Renderer: NVIDIA GeForce RTX 3080 (ID=0x2206)
    Vendor:   
    VRAM:     10077 MB
    Driver:   27.21.14.6207
Shader 'Universal Render Pipeline/Particles/Lit': fallback shader 'Universal Render Pipeline/Particles/SimpleLit' not found
Initialize mono
Mono path[0] = 'C:/Program Files/Unity/Hub/Editor/2020.3.0f1/Editor/Data/Managed'
Mono path[1] = 'C:/Program Files/Unity/Hub/Editor/2020.3.0f1/Editor/Data/MonoBleedingEdge/lib/mono/unityjit'
Mono config path = 'C:/Program Files/Unity/Hub/Editor/2020.3.0f1/Editor/Data/MonoBleedingEdge/etc'
Using monoOptions --debugger-agent=transport=dt_socket,embedding=1,server=y,suspend=n,address=127.0.0.1:56232
Begin MonoManager ReloadAssembly
Registering precompiled unity dll's ...
Register platform support module: C:/Program Files/Unity/Hub/Editor/2020.3.0f1/Editor/Data/PlaybackEngines/WebGLSupport/UnityEditor.WebGL.Extensions.dll
Register platform support module: C:/Program Files/Unity/Hub/Editor/2020.3.0f1/Editor/Data/PlaybackEngines/WindowsStandaloneSupport/UnityEditor.WindowsStandalone.Extensions.dll
Registered in 0.004451 seconds.
Native extension for WindowsStandalone target not found
Native extension for WebGL target not found
Refreshing native plugins compatible for Editor in 41.66 ms, found 0 plugins.
Preloading 0 native plugins for Editor in 0.00 ms.
Invoked RoslynAnalysisRunner static constructor.
RoslynAnalysisRunner will not be running.
RoslynAnalysisRunner has terminated.
Mono: successfully reloaded assembly
- Completed reload, in  1.357 seconds
Platform modules already initialized, skipping
Registering precompiled user dll's ...
Registered in 0.000946 seconds.
Begin MonoManager ReloadAssembly
Native extension for WindowsStandalone target not found
Native extension for WebGL target not found
Refreshing native plugins compatible for Editor in 44.77 ms, found 0 plugins.
Preloading 0 native plugins for Editor in 0.00 ms.
Invoked RoslynAnalysisRunner static constructor.
RoslynAnalysisRunner will not be running.
RoslynAnalysisRunner has terminated.
Mono: successfully reloaded assembly
- Completed reload, in  4.154 seconds
Platform modules already initialized, skipping
========================================================================
Worker process is ready to serve import requests
Shader 'Universal Render Pipeline/Particles/Lit': fallback shader 'Universal Render Pipeline/Particles/SimpleLit' not found
Launched and connected shader compiler UnityShaderCompiler.exe after 0.06 seconds
Refreshing native plugins compatible for Editor in 0.55 ms, found 0 plugins.
Preloading 0 native plugins for Editor in 0.00 ms.
Unloading 2869 Unused Serialized files (Serialized files now loaded: 0)
System memory in use before: 133.1 MB.
System memory in use after: 133.3 MB.

Unloading 90 unused Assets to reduce memory usage. Loaded Objects now: 3309.
Total: 2.808200 ms (FindLiveObjects: 0.390500 ms CreateObjectMapping: 0.072600 ms MarkObjects: 2.157500 ms  DeleteObjects: 0.186000 ms)

========================================================================
Received Import Request.
  path: Assets/Models/Models/Window.fbx
  artifactKey: Guid(696a98bd56f60d24fb5c6e5ad81d39a2) Importer(815301076,1909f56bfc062723c751e8b465ee728b)
Start importing Assets/Models/Models/Window.fbx using Guid(696a98bd56f60d24fb5c6e5ad81d39a2) Importer(815301076,1909f56bfc062723c751e8b465ee728b)  -> (artifact id: '1d025dc1b60310cd710cf0196bc1952e') in 0.340199 seconds
  Import took 0.382477 seconds .

========================================================================
Received Import Request.
  Time since last request: 0.000418 seconds.
  path: Assets/Models/Models/Glass_Shattered.fbx
  artifactKey: Guid(34755b2da6afe86428303e382f2c25d4) Importer(815301076,1909f56bfc062723c751e8b465ee728b)
Start importing Assets/Models/Models/Glass_Shattered.fbx using Guid(34755b2da6afe86428303e382f2c25d4) Importer(815301076,1909f56bfc062723c751e8b465ee728b)  -> (artifact id: 'bb523b4741d61ea78ea4403c04527c49') in 0.101712 seconds
  Import took 0.135872 seconds .

========================================================================
Received Import Request.
  Time since last request: 0.000164 seconds.
  path: Assets/Models/Models/Window_Breakable.fbx
  artifactKey: Guid(774645bc61a8de3439c8cee37238ec34) Importer(815301076,1909f56bfc062723c751e8b465ee728b)
Start importing Assets/Models/Models/Window_Breakable.fbx using Guid(774645bc61a8de3439c8cee37238ec34) Importer(815301076,1909f56bfc062723c751e8b465ee728b)  -> (artifact id: 'e3186af9998aadf1efe80d2ef0fd760b') in 0.038801 seconds
  Import took 0.060013 seconds .

========================================================================
Received Import Request.
  Time since last request: 0.000149 seconds.
  path: Assets/Models/Models/WindowFrame.fbx
  artifactKey: Guid(440a93b8934e84e428f32955743905a3) Importer(815301076,1909f56bfc062723c751e8b465ee728b)
Start importing Assets/Models/Models/WindowFrame.fbx using Guid(440a93b8934e84e428f32955743905a3) Importer(815301076,1909f56bfc062723c751e8b465ee728b)  -> (artifact id: 'd120a2528e0afa7ad1745734fda0201e') in 0.027720 seconds
  Import took 0.040604 seconds .

========================================================================
Received Import Request.
  Time since last request: 32.368756 seconds.
  path: Assets/Textures/Objects
  artifactKey: Guid(a3ecbb2536d23e642b5863c5103729c4) Importer(815301076,1909f56bfc062723c751e8b465ee728b)
Start importing Assets/Textures/Objects using Guid(a3ecbb2536d23e642b5863c5103729c4) Importer(815301076,1909f56bfc062723c751e8b465ee728b)  -> (artifact id: '3a3c078ed4b164845cec732eaab48da6') in 0.030695 seconds
  Import took 0.059765 seconds .

========================================================================
Received Import Request.
  Time since last request: 0.025521 seconds.
  path: Assets/Textures/Objects/GetWellSoon.png
  artifactKey: Guid(c8138e09b47fe1749836601059bd3a3f) Importer(815301076,1909f56bfc062723c751e8b465ee728b)
Start importing Assets/Textures/Objects/GetWellSoon.png using Guid(c8138e09b47fe1749836601059bd3a3f) Importer(815301076,1909f56bfc062723c751e8b465ee728b)  -> (artifact id: 'ff142f02053dfbb6bc31c97f206a58c6') in 0.093287 seconds
  Import took 0.118731 seconds .

========================================================================
Received Import Request.
  Time since last request: 0.000153 seconds.
  path: Assets/Textures/Objects/Lip.png
  artifactKey: Guid(ffa46fcffa23d094eb8796b4b7be0f35) Importer(815301076,1909f56bfc062723c751e8b465ee728b)
Start importing Assets/Textures/Objects/Lip.png using Guid(ffa46fcffa23d094eb8796b4b7be0f35) Importer(815301076,1909f56bfc062723c751e8b465ee728b)  -> (artifact id: '640ee78efc2e298cf985da2ee4f3cca8') in 0.013815 seconds
  Import took 0.017551 seconds .

========================================================================
Received Import Request.
  Time since last request: 0.000222 seconds.
  path: Assets/Textures/Objects/Pistol_1.png
  artifactKey: Guid(30c08ca4f52e7954ea92d7487437d02a) Importer(815301076,1909f56bfc062723c751e8b465ee728b)
Start importing Assets/Textures/Objects/Pistol_1.png using Guid(30c08ca4f52e7954ea92d7487437d02a) Importer(815301076,1909f56bfc062723c751e8b465ee728b)  -> (artifact id: '3a6d4be158cdb531e7086e96bba9162e') in 0.019084 seconds
  Import took 0.023357 seconds .

========================================================================
Received Import Request.
  Time since last request: 7.976321 seconds.
  path: Assets/Textures/Objects/Lip.png
  artifactKey: Guid(ffa46fcffa23d094eb8796b4b7be0f35) Importer(815301076,1909f56bfc062723c751e8b465ee728b)
Start importing Assets/Textures/Objects/Lip.png using Guid(ffa46fcffa23d094eb8796b4b7be0f35) Importer(815301076,1909f56bfc062723c751e8b465ee728b)  -> (artifact id: 'f343773ff66654a933103700a5901961') in 0.016463 seconds
  Import took 0.060691 seconds .

========================================================================
Received Import Request.
  Time since last request: 8.130756 seconds.
  path: Assets/Materials/Destructible.mat
  artifactKey: Guid(f82ed03cb5a85f845a6aee123bff5c81) Importer(815301076,1909f56bfc062723c751e8b465ee728b)
Start importing Assets/Materials/Destructible.mat using Guid(f82ed03cb5a85f845a6aee123bff5c81) Importer(815301076,1909f56bfc062723c751e8b465ee728b)  -> (artifact id: '8d89acf2205ec7b8d455371ded2ef6fe') in 0.060892 seconds
  Import took 0.121856 seconds .

========================================================================
Received Import Request.
  Time since last request: 0.000502 seconds.
  path: Assets/Materials/Destructible.mat
  artifactKey: Guid(f82ed03cb5a85f845a6aee123bff5c81) Importer(815301076,1909f56bfc062723c751e8b465ee728b)
Start importing Assets/Materials/Destructible.mat using Guid(f82ed03cb5a85f845a6aee123bff5c81) Importer(815301076,1909f56bfc062723c751e8b465ee728b)  -> (artifact id: '8d89acf2205ec7b8d455371ded2ef6fe') in 0.017604 seconds
  Import took 0.027949 seconds .

========================================================================
Received Import Request.
  Time since last request: 7.135445 seconds.
  path: Assets/Materials/DestructibleGlass.mat
  artifactKey: Guid(121443a6b8a6cf3469449acd68cefd99) Importer(815301076,1909f56bfc062723c751e8b465ee728b)
Start importing Assets/Materials/DestructibleGlass.mat using Guid(121443a6b8a6cf3469449acd68cefd99) Importer(815301076,1909f56bfc062723c751e8b465ee728b)  -> (artifact id: 'ff355708e3ce16a357ec77dffa64859a') in 0.054465 seconds
  Import took 0.058736 seconds .

========================================================================
Received Import Request.
  Time since last request: 4.920418 seconds.
  path: Assets/Textures/Effects/BulletTrail.png
  artifactKey: Guid(65993a4efb1522f40b3e87d8b52dc94a) Importer(815301076,1909f56bfc062723c751e8b465ee728b)
Start importing Assets/Textures/Effects/BulletTrail.png using Guid(65993a4efb1522f40b3e87d8b52dc94a) Importer(815301076,1909f56bfc062723c751e8b465ee728b)  -> (artifact id: '8c458a961464a4a2d3f3e5ac51438e1c') in 0.151646 seconds
  Import took 0.238492 seconds .

========================================================================
Received Import Request.
  Time since last request: 0.007374 seconds.
  path: Assets/Textures/Effects/BulletTrail.png
  artifactKey: Guid(65993a4efb1522f40b3e87d8b52dc94a) Importer(815301076,1909f56bfc062723c751e8b465ee728b)
Start importing Assets/Textures/Effects/BulletTrail.png using Guid(65993a4efb1522f40b3e87d8b52dc94a) Importer(815301076,1909f56bfc062723c751e8b465ee728b)  -> (artifact id: '8c458a961464a4a2d3f3e5ac51438e1c') in 0.041393 seconds
  Import took 0.045841 seconds .

========================================================================
Received Import Request.
  Time since last request: 49.983950 seconds.
  path: Assets/Models/Models/Glass_Shattered.fbx
  artifactKey: Guid(34755b2da6afe86428303e382f2c25d4) Importer(815301076,1909f56bfc062723c751e8b465ee728b)
Start importing Assets/Models/Models/Glass_Shattered.fbx using Guid(34755b2da6afe86428303e382f2c25d4) Importer(815301076,1909f56bfc062723c751e8b465ee728b)  -> (artifact id: '50a72d13a43d1dffc2f22816e0a85204') in 0.076702 seconds
  Import took 0.110530 seconds .

========================================================================
Received Import Request.
  Time since last request: 0.000141 seconds.
  path: Assets/Models/Models/Window_Breakable.fbx
  artifactKey: Guid(774645bc61a8de3439c8cee37238ec34) Importer(815301076,1909f56bfc062723c751e8b465ee728b)
Start importing Assets/Models/Models/Window_Breakable.fbx using Guid(774645bc61a8de3439c8cee37238ec34) Importer(815301076,1909f56bfc062723c751e8b465ee728b)  -> (artifact id: '90b464be5043e7621d13d165123ec3af') in 0.019277 seconds
  Import took 0.044774 seconds .

========================================================================
Received Import Request.
  Time since last request: 0.000575 seconds.
  path: Assets/Models/Models/Window_Breakable.fbx
  artifactKey: Guid(774645bc61a8de3439c8cee37238ec34) Importer(815301076,1909f56bfc062723c751e8b465ee728b)
Start importing Assets/Models/Models/Window_Breakable.fbx using Guid(774645bc61a8de3439c8cee37238ec34) Importer(815301076,1909f56bfc062723c751e8b465ee728b)  -> (artifact id: '90b464be5043e7621d13d165123ec3af') in 0.021284 seconds
  Import took 0.025594 seconds .

========================================================================
Received Import Request.
  Time since last request: 43.636128 seconds.
  path: Assets/Models/Models/Glass_Shattered.fbx
  artifactKey: Guid(34755b2da6afe86428303e382f2c25d4) Importer(815301076,1909f56bfc062723c751e8b465ee728b)
Start importing Assets/Models/Models/Glass_Shattered.fbx using Guid(34755b2da6afe86428303e382f2c25d4) Importer(815301076,1909f56bfc062723c751e8b465ee728b)  -> (artifact id: '1a782d508b06c2d869c0a597dd584186') in 0.092488 seconds
  Import took 0.128473 seconds .

========================================================================
Received Import Request.
  Time since last request: 2.905906 seconds.
  path: Assets/Models/Blend/MiscItems.blend
  artifactKey: Guid(4abd77716bc42134fa3fdc60fb51bad1) Importer(815301076,1909f56bfc062723c751e8b465ee728b)
Start importing Assets/Models/Blend/MiscItems.blend using Guid(4abd77716bc42134fa3fdc60fb51bad1) Importer(815301076,1909f56bfc062723c751e8b465ee728b)  -> (artifact id: '761caf8afa25e7128eab23d492881668') in 0.197625 seconds
  Import took 0.233461 seconds .

========================================================================
Received Import Request.
  Time since last request: 2.093311 seconds.
  path: Assets/Models/Models/Window_Breakable.fbx
  artifactKey: Guid(774645bc61a8de3439c8cee37238ec34) Importer(815301076,1909f56bfc062723c751e8b465ee728b)
Start importing Assets/Models/Models/Window_Breakable.fbx using Guid(774645bc61a8de3439c8cee37238ec34) Importer(815301076,1909f56bfc062723c751e8b465ee728b)  -> (artifact id: 'c307c34c3b26f5ea9bb22ac989f902d7') in 0.016164 seconds
  Import took 0.046551 seconds .

========================================================================
Received Import Request.
  Time since last request: 13.611901 seconds.
  path: Assets/Models/Models/Glass_Shattered.fbx
  artifactKey: Guid(34755b2da6afe86428303e382f2c25d4) Importer(815301076,1909f56bfc062723c751e8b465ee728b)
Start importing Assets/Models/Models/Glass_Shattered.fbx using Guid(34755b2da6afe86428303e382f2c25d4) Importer(815301076,1909f56bfc062723c751e8b465ee728b)  -> (artifact id: '05d0c1a1346245ffee81d4e8970f9a3d') in 0.085812 seconds
  Import took 0.115347 seconds .

========================================================================
Received Import Request.
  Time since last request: 63.378492 seconds.
  path: Assets/Prefabs/GlassShards
  artifactKey: Guid(c988fcddc685d5742b3e0604760b1ae4) Importer(815301076,1909f56bfc062723c751e8b465ee728b)
Start importing Assets/Prefabs/GlassShards using Guid(c988fcddc685d5742b3e0604760b1ae4) Importer(815301076,1909f56bfc062723c751e8b465ee728b)  -> (artifact id: '227b28e317ade1573ec23cdaa3a4f6f3') in 0.008636 seconds
  Import took 0.031507 seconds .

========================================================================
Received Prepare
Registering precompiled user dll's ...
Registered in 0.001216 seconds.
Begin MonoManager ReloadAssembly
Native extension for WindowsStandalone target not found
Native extension for WebGL target not found
Refreshing native plugins compatible for Editor in 0.58 ms, found 0 plugins.
Preloading 0 native plugins for Editor in 0.00 ms.
Invoked RoslynAnalysisRunner static constructor.
RoslynAnalysisRunner will not be running.
RoslynAnalysisRunner has terminated.
Mono: successfully reloaded assembly
- Completed reload, in  0.860 seconds
Platform modules already initialized, skipping
Shader 'Universal Render Pipeline/Particles/Lit': fallback shader 'Universal Render Pipeline/Particles/SimpleLit' not found
Refreshing native plugins compatible for Editor in 0.53 ms, found 0 plugins.
Preloading 0 native plugins for Editor in 0.00 ms.
Unloading 2721 Unused Serialized files (Serialized files now loaded: 0)
System memory in use before: 129.9 MB.
System memory in use after: 130.2 MB.

Unloading 85 unused Assets to reduce memory usage. Loaded Objects now: 3396.
Total: 2.545500 ms (FindLiveObjects: 0.315500 ms CreateObjectMapping: 0.072600 ms MarkObjects: 2.057300 ms  DeleteObjects: 0.099000 ms)

========================================================================
Received Prepare
Registering precompiled user dll's ...
Registered in 0.001241 seconds.
Begin MonoManager ReloadAssembly
Native extension for WindowsStandalone target not found
Native extension for WebGL target not found
Refreshing native plugins compatible for Editor in 0.54 ms, found 0 plugins.
Preloading 0 native plugins for Editor in 0.00 ms.
Invoked RoslynAnalysisRunner static constructor.
RoslynAnalysisRunner will not be running.
RoslynAnalysisRunner has terminated.
Mono: successfully reloaded assembly
- Completed reload, in  0.857 seconds
Platform modules already initialized, skipping
Shader 'Universal Render Pipeline/Particles/Lit': fallback shader 'Universal Render Pipeline/Particles/SimpleLit' not found
Refreshing native plugins compatible for Editor in 0.58 ms, found 0 plugins.
Preloading 0 native plugins for Editor in 0.00 ms.
Unloading 2721 Unused Serialized files (Serialized files now loaded: 0)
System memory in use before: 130.0 MB.
System memory in use after: 130.2 MB.

Unloading 85 unused Assets to reduce memory usage. Loaded Objects now: 3399.
Total: 2.614400 ms (FindLiveObjects: 0.388800 ms CreateObjectMapping: 0.072700 ms MarkObjects: 2.055200 ms  DeleteObjects: 0.096500 ms)

========================================================================
Received Import Request.
  Time since last request: 126.599215 seconds.
  path: Assets/Prefabs/Glass_Shattered.prefab
  artifactKey: Guid(e5eed62c15483804ea7c133b01df71db) Importer(815301076,1909f56bfc062723c751e8b465ee728b)
Start importing Assets/Prefabs/Glass_Shattered.prefab using Guid(e5eed62c15483804ea7c133b01df71db) Importer(815301076,1909f56bfc062723c751e8b465ee728b)  -> (artifact id: '603d69dc3c410e18ee15a1892c7d7088') in 0.132706 seconds
  Import took 0.160610 seconds .

========================================================================
Received Prepare
Registering precompiled user dll's ...
Registered in 0.001229 seconds.
Begin MonoManager ReloadAssembly
Native extension for WindowsStandalone target not found
Native extension for WebGL target not found
Refreshing native plugins compatible for Editor in 0.51 ms, found 0 plugins.
Preloading 0 native plugins for Editor in 0.00 ms.
Invoked RoslynAnalysisRunner static constructor.
RoslynAnalysisRunner will not be running.
RoslynAnalysisRunner has terminated.
Mono: successfully reloaded assembly
- Completed reload, in  0.841 seconds
Platform modules already initialized, skipping
Shader 'Universal Render Pipeline/Particles/Lit': fallback shader 'Universal Render Pipeline/Particles/SimpleLit' not found
Refreshing native plugins compatible for Editor in 0.52 ms, found 0 plugins.
Preloading 0 native plugins for Editor in 0.00 ms.
Unloading 2721 Unused Serialized files (Serialized files now loaded: 0)
System memory in use before: 130.2 MB.
System memory in use after: 130.4 MB.

Unloading 85 unused Assets to reduce memory usage. Loaded Objects now: 3438.
Total: 3.014600 ms (FindLiveObjects: 0.545000 ms CreateObjectMapping: 0.079500 ms MarkObjects: 2.268700 ms  DeleteObjects: 0.119800 ms)

========================================================================
Received Prepare
Registering precompiled user dll's ...
Registered in 0.001227 seconds.
Begin MonoManager ReloadAssembly
Native extension for WindowsStandalone target not found
Native extension for WebGL target not found
Refreshing native plugins compatible for Editor in 0.53 ms, found 0 plugins.
Preloading 0 native plugins for Editor in 0.00 ms.
Invoked RoslynAnalysisRunner static constructor.
RoslynAnalysisRunner will not be running.
RoslynAnalysisRunner has terminated.
Mono: successfully reloaded assembly
- Completed reload, in  0.842 seconds
Platform modules already initialized, skipping
Shader 'Universal Render Pipeline/Particles/Lit': fallback shader 'Universal Render Pipeline/Particles/SimpleLit' not found
Refreshing native plugins compatible for Editor in 0.55 ms, found 0 plugins.
Preloading 0 native plugins for Editor in 0.00 ms.
Unloading 2721 Unused Serialized files (Serialized files now loaded: 0)
System memory in use before: 130.2 MB.
System memory in use after: 130.4 MB.

Unloading 85 unused Assets to reduce memory usage. Loaded Objects now: 3441.
Total: 2.790900 ms (FindLiveObjects: 0.426400 ms CreateObjectMapping: 0.083700 ms MarkObjects: 2.163200 ms  DeleteObjects: 0.116500 ms)

========================================================================
Received Prepare
Registering precompiled user dll's ...
Registered in 0.001362 seconds.
Begin MonoManager ReloadAssembly
Native extension for WindowsStandalone target not found
Native extension for WebGL target not found
Refreshing native plugins compatible for Editor in 0.60 ms, found 0 plugins.
Preloading 0 native plugins for Editor in 0.00 ms.
Invoked RoslynAnalysisRunner static constructor.
RoslynAnalysisRunner will not be running.
RoslynAnalysisRunner has terminated.
Mono: successfully reloaded assembly
- Completed reload, in  0.899 seconds
Platform modules already initialized, skipping
Shader 'Universal Render Pipeline/Particles/Lit': fallback shader 'Universal Render Pipeline/Particles/SimpleLit' not found
Refreshing native plugins compatible for Editor in 0.58 ms, found 0 plugins.
Preloading 0 native plugins for Editor in 0.00 ms.
Unloading 2721 Unused Serialized files (Serialized files now loaded: 0)
System memory in use before: 130.2 MB.
System memory in use after: 130.4 MB.

Unloading 85 unused Assets to reduce memory usage. Loaded Objects now: 3444.
Total: 2.754300 ms (FindLiveObjects: 0.391400 ms CreateObjectMapping: 0.073300 ms MarkObjects: 2.179700 ms  DeleteObjects: 0.108800 ms)

========================================================================
Received Import Request.
  Time since last request: 172.635878 seconds.
  path: Assets/Prefabs/Glass_Shattered.prefab
  artifactKey: Guid(e5eed62c15483804ea7c133b01df71db) Importer(815301076,1909f56bfc062723c751e8b465ee728b)
Start importing Assets/Prefabs/Glass_Shattered.prefab using Guid(e5eed62c15483804ea7c133b01df71db) Importer(815301076,1909f56bfc062723c751e8b465ee728b)  -> (artifact id: 'bf26cd529cb70dadcb6562f6b8ea83ac') in 0.122117 seconds
  Import took 0.145617 seconds .

========================================================================
Received Prepare
Registering precompiled user dll's ...
Registered in 0.001282 seconds.
Begin MonoManager ReloadAssembly
Native extension for WindowsStandalone target not found
Native extension for WebGL target not found
Refreshing native plugins compatible for Editor in 0.51 ms, found 0 plugins.
Preloading 0 native plugins for Editor in 0.00 ms.
Invoked RoslynAnalysisRunner static constructor.
RoslynAnalysisRunner will not be running.
RoslynAnalysisRunner has terminated.
Mono: successfully reloaded assembly
- Completed reload, in  0.838 seconds
Platform modules already initialized, skipping
Shader 'Universal Render Pipeline/Particles/Lit': fallback shader 'Universal Render Pipeline/Particles/SimpleLit' not found
Refreshing native plugins compatible for Editor in 0.53 ms, found 0 plugins.
Preloading 0 native plugins for Editor in 0.00 ms.
Unloading 2721 Unused Serialized files (Serialized files now loaded: 0)
System memory in use before: 130.3 MB.
System memory in use after: 130.5 MB.

Unloading 85 unused Assets to reduce memory usage. Loaded Objects now: 3483.
Total: 2.889400 ms (FindLiveObjects: 0.329900 ms CreateObjectMapping: 0.073300 ms MarkObjects: 2.370000 ms  DeleteObjects: 0.114800 ms)

========================================================================
Received Import Request.
  Time since last request: 37.006924 seconds.
  path: Assets/Prefabs/Glass_Shattered.prefab
  artifactKey: Guid(e5eed62c15483804ea7c133b01df71db) Importer(815301076,1909f56bfc062723c751e8b465ee728b)
Start importing Assets/Prefabs/Glass_Shattered.prefab using Guid(e5eed62c15483804ea7c133b01df71db) Importer(815301076,1909f56bfc062723c751e8b465ee728b)  -> (artifact id: '2b351799849c52a862c7c7059954c26b') in 0.116776 seconds
  Import took 0.144756 seconds .

========================================================================
Received Import Request.
  Time since last request: 0.982055 seconds.
  path: Assets/Prefabs/Glass_Shattered.prefab
  artifactKey: Guid(e5eed62c15483804ea7c133b01df71db) Importer(815301076,1909f56bfc062723c751e8b465ee728b)
Start importing Assets/Prefabs/Glass_Shattered.prefab using Guid(e5eed62c15483804ea7c133b01df71db) Importer(815301076,1909f56bfc062723c751e8b465ee728b)  -> (artifact id: '79b8e38f651fd62e84e3b4fe69209ac5') in 0.023523 seconds
  Import took 0.047921 seconds .

========================================================================
Received Import Request.
  Time since last request: 0.597710 seconds.
  path: Assets/Prefabs/Glass_Shattered.prefab
  artifactKey: Guid(e5eed62c15483804ea7c133b01df71db) Importer(815301076,1909f56bfc062723c751e8b465ee728b)
Start importing Assets/Prefabs/Glass_Shattered.prefab using Guid(e5eed62c15483804ea7c133b01df71db) Importer(815301076,1909f56bfc062723c751e8b465ee728b)  -> (artifact id: 'c4be75085ec3fca995b09d7a3e1e528d') in 0.009456 seconds
  Import took 0.028573 seconds .

========================================================================
Received Import Request.
  Time since last request: 0.372952 seconds.
  path: Assets/Prefabs/Glass_Shattered.prefab
  artifactKey: Guid(e5eed62c15483804ea7c133b01df71db) Importer(815301076,1909f56bfc062723c751e8b465ee728b)
Start importing Assets/Prefabs/Glass_Shattered.prefab using Guid(e5eed62c15483804ea7c133b01df71db) Importer(815301076,1909f56bfc062723c751e8b465ee728b)  -> (artifact id: 'ddbc62c50d89efdad499c210d8f62d43') in 0.008970 seconds
  Import took 0.021407 seconds .

========================================================================
Received Prepare
Registering precompiled user dll's ...
Registered in 0.001281 seconds.
Begin MonoManager ReloadAssembly
Native extension for WindowsStandalone target not found
Native extension for WebGL target not found
Refreshing native plugins compatible for Editor in 0.53 ms, found 0 plugins.
Preloading 0 native plugins for Editor in 0.00 ms.
Invoked RoslynAnalysisRunner static constructor.
RoslynAnalysisRunner will not be running.
RoslynAnalysisRunner has terminated.
Mono: successfully reloaded assembly
- Completed reload, in  0.840 seconds
Platform modules already initialized, skipping
Shader 'Universal Render Pipeline/Particles/Lit': fallback shader 'Universal Render Pipeline/Particles/SimpleLit' not found
Refreshing native plugins compatible for Editor in 0.54 ms, found 0 plugins.
Preloading 0 native plugins for Editor in 0.00 ms.
Unloading 2721 Unused Serialized files (Serialized files now loaded: 0)
System memory in use before: 130.6 MB.
System memory in use after: 130.8 MB.

Unloading 85 unused Assets to reduce memory usage. Loaded Objects now: 3522.
Total: 3.237200 ms (FindLiveObjects: 0.548900 ms CreateObjectMapping: 0.092500 ms MarkObjects: 2.481600 ms  DeleteObjects: 0.112000 ms)

========================================================================
Received Import Request.
  Time since last request: 34.281335 seconds.
  path: Assets/Prefabs/Glass_Shattered.prefab
  artifactKey: Guid(e5eed62c15483804ea7c133b01df71db) Importer(815301076,1909f56bfc062723c751e8b465ee728b)
Start importing Assets/Prefabs/Glass_Shattered.prefab using Guid(e5eed62c15483804ea7c133b01df71db) Importer(815301076,1909f56bfc062723c751e8b465ee728b)  -> (artifact id: '8c70aa531d9e1ad9523ec914ddcc7fea') in 0.131743 seconds
  Import took 0.136498 seconds .

========================================================================
Received Prepare
Registering precompiled user dll's ...
Registered in 0.001259 seconds.
Begin MonoManager ReloadAssembly
Native extension for WindowsStandalone target not found
Native extension for WebGL target not found
Refreshing native plugins compatible for Editor in 0.54 ms, found 0 plugins.
Preloading 0 native plugins for Editor in 0.00 ms.
Invoked RoslynAnalysisRunner static constructor.
RoslynAnalysisRunner will not be running.
RoslynAnalysisRunner has terminated.
Mono: successfully reloaded assembly
- Completed reload, in  0.851 seconds
Platform modules already initialized, skipping
Shader 'Universal Render Pipeline/Particles/Lit': fallback shader 'Universal Render Pipeline/Particles/SimpleLit' not found
Refreshing native plugins compatible for Editor in 0.54 ms, found 0 plugins.
Preloading 0 native plugins for Editor in 0.00 ms.
Unloading 2721 Unused Serialized files (Serialized files now loaded: 0)
System memory in use before: 130.7 MB.
System memory in use after: 130.9 MB.

Unloading 85 unused Assets to reduce memory usage. Loaded Objects now: 3561.
Total: 2.736200 ms (FindLiveObjects: 0.404900 ms CreateObjectMapping: 0.072400 ms MarkObjects: 2.145700 ms  DeleteObjects: 0.112300 ms)

========================================================================
Received Import Request.
  Time since last request: 11.951960 seconds.
  path: Assets/Prefabs/Glass_Shattered.prefab
  artifactKey: Guid(e5eed62c15483804ea7c133b01df71db) Importer(815301076,1909f56bfc062723c751e8b465ee728b)
Start importing Assets/Prefabs/Glass_Shattered.prefab using Guid(e5eed62c15483804ea7c133b01df71db) Importer(815301076,1909f56bfc062723c751e8b465ee728b)  -> (artifact id: '6d27f40d4ec1b9fbd71f4ca8fcb173f2') in 0.118803 seconds
  Import took 0.139892 seconds .

========================================================================
Received Prepare
Registering precompiled user dll's ...
Registered in 0.001618 seconds.
Begin MonoManager ReloadAssembly
Native extension for WindowsStandalone target not found
Native extension for WebGL target not found
Refreshing native plugins compatible for Editor in 0.59 ms, found 0 plugins.
Preloading 0 native plugins for Editor in 0.00 ms.
Invoked RoslynAnalysisRunner static constructor.
RoslynAnalysisRunner will not be running.
RoslynAnalysisRunner has terminated.
Mono: successfully reloaded assembly
- Completed reload, in  0.923 seconds
Platform modules already initialized, skipping
Shader 'Universal Render Pipeline/Particles/Lit': fallback shader 'Universal Render Pipeline/Particles/SimpleLit' not found
Refreshing native plugins compatible for Editor in 0.63 ms, found 0 plugins.
Preloading 0 native plugins for Editor in 0.00 ms.
Unloading 2721 Unused Serialized files (Serialized files now loaded: 0)
System memory in use before: 130.8 MB.
System memory in use after: 131.0 MB.

Unloading 85 unused Assets to reduce memory usage. Loaded Objects now: 3600.
Total: 2.988700 ms (FindLiveObjects: 0.410400 ms CreateObjectMapping: 0.077600 ms MarkObjects: 2.354700 ms  DeleteObjects: 0.145000 ms)

========================================================================
Received Import Request.
  Time since last request: 12.862944 seconds.
  path: Assets/Prefabs/Glass_Shattered.prefab
  artifactKey: Guid(e5eed62c15483804ea7c133b01df71db) Importer(815301076,1909f56bfc062723c751e8b465ee728b)
Start importing Assets/Prefabs/Glass_Shattered.prefab using Guid(e5eed62c15483804ea7c133b01df71db) Importer(815301076,1909f56bfc062723c751e8b465ee728b)  -> (artifact id: '075edcd10b84b394440a2ed2d4c4b085') in 0.116765 seconds
  Import took 0.140575 seconds .

========================================================================
Received Prepare
Registering precompiled user dll's ...
Registered in 0.001331 seconds.
Begin MonoManager ReloadAssembly
Native extension for WindowsStandalone target not found
Native extension for WebGL target not found
Refreshing native plugins compatible for Editor in 0.58 ms, found 0 plugins.
Preloading 0 native plugins for Editor in 0.00 ms.
Invoked RoslynAnalysisRunner static constructor.
RoslynAnalysisRunner will not be running.
RoslynAnalysisRunner has terminated.
Mono: successfully reloaded assembly
- Completed reload, in  0.912 seconds
Platform modules already initialized, skipping
Shader 'Universal Render Pipeline/Particles/Lit': fallback shader 'Universal Render Pipeline/Particles/SimpleLit' not found
Refreshing native plugins compatible for Editor in 0.59 ms, found 0 plugins.
Preloading 0 native plugins for Editor in 0.00 ms.
Unloading 2721 Unused Serialized files (Serialized files now loaded: 0)
System memory in use before: 130.9 MB.
System memory in use after: 131.2 MB.

Unloading 85 unused Assets to reduce memory usage. Loaded Objects now: 3639.
Total: 3.164700 ms (FindLiveObjects: 0.386600 ms CreateObjectMapping: 0.074100 ms MarkObjects: 2.591800 ms  DeleteObjects: 0.111100 ms)

========================================================================
Received Prepare
Registering precompiled user dll's ...
Registered in 0.001280 seconds.
Begin MonoManager ReloadAssembly
Native extension for WindowsStandalone target not found
Native extension for WebGL target not found
Refreshing native plugins compatible for Editor in 0.59 ms, found 0 plugins.
Preloading 0 native plugins for Editor in 0.00 ms.
Invoked RoslynAnalysisRunner static constructor.
RoslynAnalysisRunner will not be running.
RoslynAnalysisRunner has terminated.
Mono: successfully reloaded assembly
- Completed reload, in  0.880 seconds
Platform modules already initialized, skipping
Shader 'Universal Render Pipeline/Particles/Lit': fallback shader 'Universal Render Pipeline/Particles/SimpleLit' not found
Refreshing native plugins compatible for Editor in 0.60 ms, found 0 plugins.
Preloading 0 native plugins for Editor in 0.00 ms.
Unloading 2721 Unused Serialized files (Serialized files now loaded: 0)
System memory in use before: 130.9 MB.
System memory in use after: 131.2 MB.

Unloading 85 unused Assets to reduce memory usage. Loaded Objects now: 3642.
Total: 3.087600 ms (FindLiveObjects: 0.405400 ms CreateObjectMapping: 0.077000 ms MarkObjects: 2.494400 ms  DeleteObjects: 0.109800 ms)

========================================================================
Received Import Request.
  Time since last request: 445.725635 seconds.
  path: Assets/Models/Player/Pistol.fbx
  artifactKey: Guid(0030926645bbc4249abcce5fe581c98a) Importer(815301076,1909f56bfc062723c751e8b465ee728b)
Start importing Assets/Models/Player/Pistol.fbx using Guid(0030926645bbc4249abcce5fe581c98a) Importer(815301076,1909f56bfc062723c751e8b465ee728b)  -> (artifact id: '5ef1c66dd7627cd99da39f3c72b6b327') in 0.156809 seconds
  Import took 0.190084 seconds .

========================================================================
Received Import Request.
  Time since last request: 33.761087 seconds.
  path: Assets/Models/Player/Pistol.fbx
  artifactKey: Guid(0030926645bbc4249abcce5fe581c98a) Importer(815301076,1909f56bfc062723c751e8b465ee728b)
Start importing Assets/Models/Player/Pistol.fbx using Guid(0030926645bbc4249abcce5fe581c98a) Importer(815301076,1909f56bfc062723c751e8b465ee728b)  -> (artifact id: '148b537f1fb778f1e274227f7656a0b6') in 0.022997 seconds
  Import took 0.034010 seconds .

========================================================================
Received Prepare
Registering precompiled user dll's ...
Registered in 0.001287 seconds.
Begin MonoManager ReloadAssembly
Native extension for WindowsStandalone target not found
Native extension for WebGL target not found
Refreshing native plugins compatible for Editor in 0.55 ms, found 0 plugins.
Preloading 0 native plugins for Editor in 0.00 ms.
Invoked RoslynAnalysisRunner static constructor.
RoslynAnalysisRunner will not be running.
RoslynAnalysisRunner has terminated.
Mono: successfully reloaded assembly
- Completed reload, in  0.866 seconds
Platform modules already initialized, skipping
Shader 'Universal Render Pipeline/Particles/Lit': fallback shader 'Universal Render Pipeline/Particles/SimpleLit' not found
Refreshing native plugins compatible for Editor in 0.53 ms, found 0 plugins.
Preloading 0 native plugins for Editor in 0.00 ms.
Unloading 2721 Unused Serialized files (Serialized files now loaded: 0)
System memory in use before: 145.0 MB.
System memory in use after: 145.3 MB.

Unloading 85 unused Assets to reduce memory usage. Loaded Objects now: 3682.
Total: 3.344800 ms (FindLiveObjects: 0.366500 ms CreateObjectMapping: 0.073700 ms MarkObjects: 2.768300 ms  DeleteObjects: 0.134900 ms)

========================================================================
Received Import Request.
  Time since last request: 34.360152 seconds.
  path: Assets/Models/Player/Pistol.fbx
  artifactKey: Guid(0030926645bbc4249abcce5fe581c98a) Importer(815301076,1909f56bfc062723c751e8b465ee728b)
Start importing Assets/Models/Player/Pistol.fbx using Guid(0030926645bbc4249abcce5fe581c98a) Importer(815301076,1909f56bfc062723c751e8b465ee728b)  -> (artifact id: '6069eb51d6811a704f348d9bbb34b8a6') in 0.150005 seconds
  Import took 0.154695 seconds .

========================================================================
Received Prepare
Registering precompiled user dll's ...
Registered in 0.001286 seconds.
Begin MonoManager ReloadAssembly
Native extension for WindowsStandalone target not found
Native extension for WebGL target not found
Refreshing native plugins compatible for Editor in 0.55 ms, found 0 plugins.
Preloading 0 native plugins for Editor in 0.00 ms.
Invoked RoslynAnalysisRunner static constructor.
RoslynAnalysisRunner will not be running.
RoslynAnalysisRunner has terminated.
Mono: successfully reloaded assembly
- Completed reload, in  0.869 seconds
Platform modules already initialized, skipping
Shader 'Universal Render Pipeline/Particles/Lit': fallback shader 'Universal Render Pipeline/Particles/SimpleLit' not found
Refreshing native plugins compatible for Editor in 0.52 ms, found 0 plugins.
Preloading 0 native plugins for Editor in 0.00 ms.
Unloading 2721 Unused Serialized files (Serialized files now loaded: 0)
System memory in use before: 145.2 MB.
System memory in use after: 145.4 MB.

Unloading 85 unused Assets to reduce memory usage. Loaded Objects now: 3721.
Total: 2.765700 ms (FindLiveObjects: 0.392100 ms CreateObjectMapping: 0.068300 ms MarkObjects: 2.212800 ms  DeleteObjects: 0.091600 ms)

========================================================================
Received Import Request.
  Time since last request: 39.500132 seconds.
  path: Assets/Models/Player/Pistol.fbx
  artifactKey: Guid(0030926645bbc4249abcce5fe581c98a) Importer(815301076,1909f56bfc062723c751e8b465ee728b)
Start importing Assets/Models/Player/Pistol.fbx using Guid(0030926645bbc4249abcce5fe581c98a) Importer(815301076,1909f56bfc062723c751e8b465ee728b)  -> (artifact id: '61781bc8d09a39afc83bcf25adc5b681') in 0.150254 seconds
  Import took 0.174311 seconds .

========================================================================
Received Import Request.
  Time since last request: 23.267572 seconds.
  path: Assets/Models/Player/Pistol.fbx
  artifactKey: Guid(0030926645bbc4249abcce5fe581c98a) Importer(815301076,1909f56bfc062723c751e8b465ee728b)
Start importing Assets/Models/Player/Pistol.fbx using Guid(0030926645bbc4249abcce5fe581c98a) Importer(815301076,1909f56bfc062723c751e8b465ee728b)  -> (artifact id: '1e383a3e292d0a8a99bbc04a587b385d') in 0.025028 seconds
  Import took 0.039358 seconds .

========================================================================
Received Import Request.
  Time since last request: 0.000541 seconds.
  path: Assets/Models/Player/Pistol.fbx
  artifactKey: Guid(0030926645bbc4249abcce5fe581c98a) Importer(815301076,1909f56bfc062723c751e8b465ee728b)
Start importing Assets/Models/Player/Pistol.fbx using Guid(0030926645bbc4249abcce5fe581c98a) Importer(815301076,1909f56bfc062723c751e8b465ee728b)  -> (artifact id: '1e383a3e292d0a8a99bbc04a587b385d') in 0.022865 seconds
  Import took 0.026664 seconds .

========================================================================
Received Prepare
Registering precompiled user dll's ...
Registered in 0.001263 seconds.
Begin MonoManager ReloadAssembly
Native extension for WindowsStandalone target not found
Native extension for WebGL target not found
Refreshing native plugins compatible for Editor in 0.59 ms, found 0 plugins.
Preloading 0 native plugins for Editor in 0.00 ms.
Invoked RoslynAnalysisRunner static constructor.
RoslynAnalysisRunner will not be running.
RoslynAnalysisRunner has terminated.
Mono: successfully reloaded assembly
- Completed reload, in  0.850 seconds
Platform modules already initialized, skipping
Shader 'Universal Render Pipeline/Particles/Lit': fallback shader 'Universal Render Pipeline/Particles/SimpleLit' not found
Refreshing native plugins compatible for Editor in 0.57 ms, found 0 plugins.
Preloading 0 native plugins for Editor in 0.00 ms.
Unloading 2721 Unused Serialized files (Serialized files now loaded: 0)
System memory in use before: 145.3 MB.
System memory in use after: 145.5 MB.

Unloading 85 unused Assets to reduce memory usage. Loaded Objects now: 3760.
Total: 3.117300 ms (FindLiveObjects: 0.359000 ms CreateObjectMapping: 0.076100 ms MarkObjects: 2.570300 ms  DeleteObjects: 0.110300 ms)

========================================================================
Received Import Request.
  Time since last request: 68.740662 seconds.
  path: Assets/Models/Player/Pistol.fbx
  artifactKey: Guid(0030926645bbc4249abcce5fe581c98a) Importer(815301076,1909f56bfc062723c751e8b465ee728b)
Start importing Assets/Models/Player/Pistol.fbx using Guid(0030926645bbc4249abcce5fe581c98a) Importer(815301076,1909f56bfc062723c751e8b465ee728b)  -> (artifact id: 'ceeb939103c645e9a62a65310bf468e7') in 0.151858 seconds
  Import took 0.167572 seconds .

========================================================================
Received Import Request.
  Time since last request: 10.857048 seconds.
  path: Assets/Models/Player/Pistol.fbx
  artifactKey: Guid(0030926645bbc4249abcce5fe581c98a) Importer(815301076,1909f56bfc062723c751e8b465ee728b)
Start importing Assets/Models/Player/Pistol.fbx using Guid(0030926645bbc4249abcce5fe581c98a) Importer(815301076,1909f56bfc062723c751e8b465ee728b)  -> (artifact id: '3cdc16a87136fc57fa1bfb67df238855') in 0.023330 seconds
  Import took 0.063704 seconds .

========================================================================
Received Prepare
Registering precompiled user dll's ...
Registered in 0.001221 seconds.
Begin MonoManager ReloadAssembly
Native extension for WindowsStandalone target not found
Native extension for WebGL target not found
Refreshing native plugins compatible for Editor in 0.55 ms, found 0 plugins.
Preloading 0 native plugins for Editor in 0.00 ms.
Invoked RoslynAnalysisRunner static constructor.
RoslynAnalysisRunner will not be running.
RoslynAnalysisRunner has terminated.
Mono: successfully reloaded assembly
- Completed reload, in  0.852 seconds
Platform modules already initialized, skipping
Shader 'Universal Render Pipeline/Particles/Lit': fallback shader 'Universal Render Pipeline/Particles/SimpleLit' not found
Refreshing native plugins compatible for Editor in 0.55 ms, found 0 plugins.
Preloading 0 native plugins for Editor in 0.00 ms.
Unloading 2721 Unused Serialized files (Serialized files now loaded: 0)
System memory in use before: 145.4 MB.
System memory in use after: 145.6 MB.

Unloading 85 unused Assets to reduce memory usage. Loaded Objects now: 3799.
Total: 3.004100 ms (FindLiveObjects: 0.395600 ms CreateObjectMapping: 0.075000 ms MarkObjects: 2.413700 ms  DeleteObjects: 0.118800 ms)

========================================================================
Received Prepare
Registering precompiled user dll's ...
Registered in 0.001218 seconds.
Begin MonoManager ReloadAssembly
Native extension for WindowsStandalone target not found
Native extension for WebGL target not found
Refreshing native plugins compatible for Editor in 0.55 ms, found 0 plugins.
Preloading 0 native plugins for Editor in 0.00 ms.
Invoked RoslynAnalysisRunner static constructor.
RoslynAnalysisRunner will not be running.
RoslynAnalysisRunner has terminated.
Mono: successfully reloaded assembly
- Completed reload, in  0.850 seconds
Platform modules already initialized, skipping
Shader 'Universal Render Pipeline/Particles/Lit': fallback shader 'Universal Render Pipeline/Particles/SimpleLit' not found
Refreshing native plugins compatible for Editor in 0.54 ms, found 0 plugins.
Preloading 0 native plugins for Editor in 0.00 ms.
Unloading 2721 Unused Serialized files (Serialized files now loaded: 0)
System memory in use before: 145.4 MB.
System memory in use after: 145.6 MB.

Unloading 85 unused Assets to reduce memory usage. Loaded Objects now: 3802.
Total: 2.885200 ms (FindLiveObjects: 0.429300 ms CreateObjectMapping: 0.075600 ms MarkObjects: 2.285000 ms  DeleteObjects: 0.094100 ms)

========================================================================
Received Prepare
Registering precompiled user dll's ...
Registered in 0.001231 seconds.
Begin MonoManager ReloadAssembly
Native extension for WindowsStandalone target not found
Native extension for WebGL target not found
Refreshing native plugins compatible for Editor in 0.56 ms, found 0 plugins.
Preloading 0 native plugins for Editor in 0.00 ms.
Invoked RoslynAnalysisRunner static constructor.
RoslynAnalysisRunner will not be running.
RoslynAnalysisRunner has terminated.
Mono: successfully reloaded assembly
- Completed reload, in  0.855 seconds
Platform modules already initialized, skipping
Shader 'Universal Render Pipeline/Particles/Lit': fallback shader 'Universal Render Pipeline/Particles/SimpleLit' not found
Refreshing native plugins compatible for Editor in 0.55 ms, found 0 plugins.
Preloading 0 native plugins for Editor in 0.00 ms.
Unloading 2721 Unused Serialized files (Serialized files now loaded: 0)
System memory in use before: 145.4 MB.
System memory in use after: 145.7 MB.

Unloading 85 unused Assets to reduce memory usage. Loaded Objects now: 3805.
Total: 3.023300 ms (FindLiveObjects: 0.414800 ms CreateObjectMapping: 0.076100 ms MarkObjects: 2.404800 ms  DeleteObjects: 0.126100 ms)

========================================================================
Received Prepare
Registering precompiled user dll's ...
Registered in 0.001251 seconds.
Begin MonoManager ReloadAssembly
Native extension for WindowsStandalone target not found
Native extension for WebGL target not found
Refreshing native plugins compatible for Editor in 0.56 ms, found 0 plugins.
Preloading 0 native plugins for Editor in 0.00 ms.
Invoked RoslynAnalysisRunner static constructor.
RoslynAnalysisRunner will not be running.
RoslynAnalysisRunner has terminated.
Mono: successfully reloaded assembly
- Completed reload, in  0.850 seconds
Platform modules already initialized, skipping
Shader 'Universal Render Pipeline/Particles/Lit': fallback shader 'Universal Render Pipeline/Particles/SimpleLit' not found
Refreshing native plugins compatible for Editor in 0.53 ms, found 0 plugins.
Preloading 0 native plugins for Editor in 0.00 ms.
Unloading 2721 Unused Serialized files (Serialized files now loaded: 0)
System memory in use before: 145.4 MB.
System memory in use after: 145.7 MB.

Unloading 85 unused Assets to reduce memory usage. Loaded Objects now: 3808.
Total: 3.147800 ms (FindLiveObjects: 0.395400 ms CreateObjectMapping: 0.076400 ms MarkObjects: 2.562200 ms  DeleteObjects: 0.113000 ms)

========================================================================
Received Prepare
Registering precompiled user dll's ...
Registered in 0.001313 seconds.
Begin MonoManager ReloadAssembly
Native extension for WindowsStandalone target not found
Native extension for WebGL target not found
Refreshing native plugins compatible for Editor in 0.54 ms, found 0 plugins.
Preloading 0 native plugins for Editor in 0.00 ms.
Invoked RoslynAnalysisRunner static constructor.
RoslynAnalysisRunner will not be running.
RoslynAnalysisRunner has terminated.
Mono: successfully reloaded assembly
- Completed reload, in  0.894 seconds
Platform modules already initialized, skipping
Shader 'Universal Render Pipeline/Particles/Lit': fallback shader 'Universal Render Pipeline/Particles/SimpleLit' not found
Refreshing native plugins compatible for Editor in 0.63 ms, found 0 plugins.
Preloading 0 native plugins for Editor in 0.00 ms.
Unloading 2721 Unused Serialized files (Serialized files now loaded: 0)
System memory in use before: 145.4 MB.
System memory in use after: 145.7 MB.

Unloading 85 unused Assets to reduce memory usage. Loaded Objects now: 3811.
Total: 3.436600 ms (FindLiveObjects: 0.577800 ms CreateObjectMapping: 0.100500 ms MarkObjects: 2.645100 ms  DeleteObjects: 0.112300 ms)

========================================================================
Received Import Request.
  Time since last request: 1148.721512 seconds.
  path: Assets/Models/Models/Scenery
  artifactKey: Guid(a23e7d55a7448bf4ebd73cdaf3cd5bb6) Importer(815301076,1909f56bfc062723c751e8b465ee728b)
Start importing Assets/Models/Models/Scenery using Guid(a23e7d55a7448bf4ebd73cdaf3cd5bb6) Importer(815301076,1909f56bfc062723c751e8b465ee728b)  -> (artifact id: '6f2b2868b29ee01e17fd3c170d6a4d50') in 0.010567 seconds
  Import took 0.049554 seconds .

========================================================================
Received Import Request.
  Time since last request: 0.026602 seconds.
  path: Assets/Models/Models/Scenery/Bookshelf.fbx
  artifactKey: Guid(36380ae6e75bf1e49bcababeed9ec1a4) Importer(815301076,1909f56bfc062723c751e8b465ee728b)
Start importing Assets/Models/Models/Scenery/Bookshelf.fbx using Guid(36380ae6e75bf1e49bcababeed9ec1a4) Importer(815301076,1909f56bfc062723c751e8b465ee728b)  -> (artifact id: '7452cd4455caeeaa9c3264c94033cd00') in 0.150568 seconds
  Import took 0.185417 seconds .

========================================================================
Received Prepare
Registering precompiled user dll's ...
Registered in 0.001443 seconds.
Begin MonoManager ReloadAssembly
Native extension for WindowsStandalone target not found
Native extension for WebGL target not found
Refreshing native plugins compatible for Editor in 0.56 ms, found 0 plugins.
Preloading 0 native plugins for Editor in 0.00 ms.
Invoked RoslynAnalysisRunner static constructor.
RoslynAnalysisRunner will not be running.
RoslynAnalysisRunner has terminated.
Mono: successfully reloaded assembly
- Completed reload, in  0.934 seconds
Platform modules already initialized, skipping
Shader 'Universal Render Pipeline/Particles/Lit': fallback shader 'Universal Render Pipeline/Particles/SimpleLit' not found
Refreshing native plugins compatible for Editor in 0.54 ms, found 0 plugins.
Preloading 0 native plugins for Editor in 0.00 ms.
Unloading 2721 Unused Serialized files (Serialized files now loaded: 0)
System memory in use before: 145.6 MB.
System memory in use after: 145.8 MB.

Unloading 85 unused Assets to reduce memory usage. Loaded Objects now: 3850.
Total: 3.427000 ms (FindLiveObjects: 0.527700 ms CreateObjectMapping: 0.227600 ms MarkObjects: 2.564500 ms  DeleteObjects: 0.105900 ms)

========================================================================
Received Prepare
Registering precompiled user dll's ...
Registered in 0.001341 seconds.
Begin MonoManager ReloadAssembly
Native extension for WindowsStandalone target not found
Native extension for WebGL target not found
Refreshing native plugins compatible for Editor in 0.57 ms, found 0 plugins.
Preloading 0 native plugins for Editor in 0.00 ms.
Invoked RoslynAnalysisRunner static constructor.
RoslynAnalysisRunner will not be running.
RoslynAnalysisRunner has terminated.
Mono: successfully reloaded assembly
- Completed reload, in  0.930 seconds
Platform modules already initialized, skipping
Shader 'Universal Render Pipeline/Particles/Lit': fallback shader 'Universal Render Pipeline/Particles/SimpleLit' not found
Refreshing native plugins compatible for Editor in 0.56 ms, found 0 plugins.
Preloading 0 native plugins for Editor in 0.00 ms.
Unloading 2721 Unused Serialized files (Serialized files now loaded: 0)
System memory in use before: 145.6 MB.
System memory in use after: 145.8 MB.

Unloading 85 unused Assets to reduce memory usage. Loaded Objects now: 3853.
Total: 3.028800 ms (FindLiveObjects: 0.417500 ms CreateObjectMapping: 0.079200 ms MarkObjects: 2.428800 ms  DeleteObjects: 0.101800 ms)

========================================================================
Received Import Request.
  Time since last request: 439.513973 seconds.
  path: Assets/Models/Models/Scenery/Desk.fbx
  artifactKey: Guid(9c6f620a44d924c47ae6f55770245eab) Importer(815301076,1909f56bfc062723c751e8b465ee728b)
Start importing Assets/Models/Models/Scenery/Desk.fbx using Guid(9c6f620a44d924c47ae6f55770245eab) Importer(815301076,1909f56bfc062723c751e8b465ee728b)  -> (artifact id: '89b45bf8d89c0796fb261d2cf404305f') in 0.162720 seconds
  Import took 0.168145 seconds .

========================================================================
Received Prepare
Registering precompiled user dll's ...
Registered in 0.001373 seconds.
Begin MonoManager ReloadAssembly
Native extension for WindowsStandalone target not found
Native extension for WebGL target not found
Refreshing native plugins compatible for Editor in 0.55 ms, found 0 plugins.
Preloading 0 native plugins for Editor in 0.00 ms.
Invoked RoslynAnalysisRunner static constructor.
RoslynAnalysisRunner will not be running.
RoslynAnalysisRunner has terminated.
Mono: successfully reloaded assembly
- Completed reload, in  0.876 seconds
Platform modules already initialized, skipping
Shader 'Universal Render Pipeline/Particles/Lit': fallback shader 'Universal Render Pipeline/Particles/SimpleLit' not found
Refreshing native plugins compatible for Editor in 0.58 ms, found 0 plugins.
Preloading 0 native plugins for Editor in 0.00 ms.
Unloading 2721 Unused Serialized files (Serialized files now loaded: 0)
System memory in use before: 145.7 MB.
System memory in use after: 145.9 MB.

Unloading 85 unused Assets to reduce memory usage. Loaded Objects now: 3892.
Total: 2.871100 ms (FindLiveObjects: 0.402200 ms CreateObjectMapping: 0.073800 ms MarkObjects: 2.302500 ms  DeleteObjects: 0.090900 ms)

========================================================================
Received Import Request.
  Time since last request: 85.200997 seconds.
  path: Assets/Models/Models/Scenery/Desk.fbx
  artifactKey: Guid(9c6f620a44d924c47ae6f55770245eab) Importer(815301076,1909f56bfc062723c751e8b465ee728b)
Start importing Assets/Models/Models/Scenery/Desk.fbx using Guid(9c6f620a44d924c47ae6f55770245eab) Importer(815301076,1909f56bfc062723c751e8b465ee728b)  -> (artifact id: '6f921e7a2425d891289af1a75d3cdb9b') in 0.152038 seconds
  Import took 0.172470 seconds .

========================================================================
Received Import Request.
  Time since last request: 1.188062 seconds.
  path: Assets/Models/Models/Scenery/Desk.fbx
  artifactKey: Guid(9c6f620a44d924c47ae6f55770245eab) Importer(815301076,1909f56bfc062723c751e8b465ee728b)
Start importing Assets/Models/Models/Scenery/Desk.fbx using Guid(9c6f620a44d924c47ae6f55770245eab) Importer(815301076,1909f56bfc062723c751e8b465ee728b)  -> (artifact id: '6f921e7a2425d891289af1a75d3cdb9b') in 0.018381 seconds
  Import took 0.022678 seconds .

========================================================================
Received Prepare
Registering precompiled user dll's ...
Registered in 0.001222 seconds.
Begin MonoManager ReloadAssembly
Native extension for WindowsStandalone target not found
Native extension for WebGL target not found
Refreshing native plugins compatible for Editor in 0.56 ms, found 0 plugins.
Preloading 0 native plugins for Editor in 0.00 ms.
Invoked RoslynAnalysisRunner static constructor.
RoslynAnalysisRunner will not be running.
RoslynAnalysisRunner has terminated.
Mono: successfully reloaded assembly
- Completed reload, in  0.875 seconds
Platform modules already initialized, skipping
Shader 'Universal Render Pipeline/Particles/Lit': fallback shader 'Universal Render Pipeline/Particles/SimpleLit' not found
Refreshing native plugins compatible for Editor in 0.52 ms, found 0 plugins.
Preloading 0 native plugins for Editor in 0.00 ms.
Unloading 2721 Unused Serialized files (Serialized files now loaded: 0)
System memory in use before: 145.8 MB.
System memory in use after: 146.1 MB.

Unloading 85 unused Assets to reduce memory usage. Loaded Objects now: 3931.
Total: 3.242000 ms (FindLiveObjects: 0.368500 ms CreateObjectMapping: 0.076200 ms MarkObjects: 2.678100 ms  DeleteObjects: 0.117900 ms)

========================================================================
Received Import Request.
  Time since last request: 542.103380 seconds.
  path: Assets/Models/Models/Scenery/OfficeChair.fbx
  artifactKey: Guid(d1ac6554f98aa3f499cac7e5a90c3d7c) Importer(815301076,1909f56bfc062723c751e8b465ee728b)
Start importing Assets/Models/Models/Scenery/OfficeChair.fbx using Guid(d1ac6554f98aa3f499cac7e5a90c3d7c) Importer(815301076,1909f56bfc062723c751e8b465ee728b)  -> (artifact id: '7d6f5248c10fd2bc2b94135bfc2facab') in 0.146944 seconds
  Import took 0.164531 seconds .

========================================================================
Received Prepare
Registering precompiled user dll's ...
Registered in 0.001380 seconds.
Begin MonoManager ReloadAssembly
Native extension for WindowsStandalone target not found
Native extension for WebGL target not found
Refreshing native plugins compatible for Editor in 0.53 ms, found 0 plugins.
Preloading 0 native plugins for Editor in 0.00 ms.
Invoked RoslynAnalysisRunner static constructor.
RoslynAnalysisRunner will not be running.
RoslynAnalysisRunner has terminated.
Mono: successfully reloaded assembly
- Completed reload, in  0.859 seconds
Platform modules already initialized, skipping
Shader 'Universal Render Pipeline/Particles/Lit': fallback shader 'Universal Render Pipeline/Particles/SimpleLit' not found
Refreshing native plugins compatible for Editor in 0.55 ms, found 0 plugins.
Preloading 0 native plugins for Editor in 0.00 ms.
Unloading 2721 Unused Serialized files (Serialized files now loaded: 0)
System memory in use before: 146.0 MB.
System memory in use after: 146.2 MB.

Unloading 85 unused Assets to reduce memory usage. Loaded Objects now: 3970.
Total: 3.063800 ms (FindLiveObjects: 0.400000 ms CreateObjectMapping: 0.076300 ms MarkObjects: 2.469700 ms  DeleteObjects: 0.116100 ms)

========================================================================
Received Import Request.
  Time since last request: 54.395588 seconds.
  path: Assets/Models/Models/Scenery/OfficeChair.fbx
  artifactKey: Guid(d1ac6554f98aa3f499cac7e5a90c3d7c) Importer(815301076,1909f56bfc062723c751e8b465ee728b)
Start importing Assets/Models/Models/Scenery/OfficeChair.fbx using Guid(d1ac6554f98aa3f499cac7e5a90c3d7c) Importer(815301076,1909f56bfc062723c751e8b465ee728b)  -> (artifact id: '0a3cb2daf6bd8e185aaadbc25dfc6dec') in 0.142420 seconds
  Import took 0.172148 seconds .

========================================================================
Received Import Request.
  Time since last request: 1.110353 seconds.
  path: Assets/Models/Models/Scenery/OfficeChair.fbx
  artifactKey: Guid(d1ac6554f98aa3f499cac7e5a90c3d7c) Importer(815301076,1909f56bfc062723c751e8b465ee728b)
Start importing Assets/Models/Models/Scenery/OfficeChair.fbx using Guid(d1ac6554f98aa3f499cac7e5a90c3d7c) Importer(815301076,1909f56bfc062723c751e8b465ee728b)  -> (artifact id: '0a3cb2daf6bd8e185aaadbc25dfc6dec') in 0.019406 seconds
  Import took 0.023711 seconds .

========================================================================
Received Prepare
Registering precompiled user dll's ...
Registered in 0.001321 seconds.
Begin MonoManager ReloadAssembly
Native extension for WindowsStandalone target not found
Native extension for WebGL target not found
Refreshing native plugins compatible for Editor in 0.53 ms, found 0 plugins.
Preloading 0 native plugins for Editor in 0.00 ms.
Invoked RoslynAnalysisRunner static constructor.
RoslynAnalysisRunner will not be running.
RoslynAnalysisRunner has terminated.
Mono: successfully reloaded assembly
- Completed reload, in  0.883 seconds
Platform modules already initialized, skipping
Shader 'Universal Render Pipeline/Particles/Lit': fallback shader 'Universal Render Pipeline/Particles/SimpleLit' not found
Refreshing native plugins compatible for Editor in 0.54 ms, found 0 plugins.
Preloading 0 native plugins for Editor in 0.00 ms.
Unloading 2721 Unused Serialized files (Serialized files now loaded: 0)
System memory in use before: 146.1 MB.
System memory in use after: 146.3 MB.

Unloading 85 unused Assets to reduce memory usage. Loaded Objects now: 4009.
Total: 3.263500 ms (FindLiveObjects: 0.424200 ms CreateObjectMapping: 0.076300 ms MarkObjects: 2.653600 ms  DeleteObjects: 0.107600 ms)

========================================================================
Received Prepare
Registering precompiled user dll's ...
Registered in 0.001252 seconds.
Begin MonoManager ReloadAssembly
Native extension for WindowsStandalone target not found
Native extension for WebGL target not found
Refreshing native plugins compatible for Editor in 0.53 ms, found 0 plugins.
Preloading 0 native plugins for Editor in 0.00 ms.
Invoked RoslynAnalysisRunner static constructor.
RoslynAnalysisRunner will not be running.
RoslynAnalysisRunner has terminated.
Mono: successfully reloaded assembly
- Completed reload, in  0.855 seconds
Platform modules already initialized, skipping
Shader 'Universal Render Pipeline/Particles/Lit': fallback shader 'Universal Render Pipeline/Particles/SimpleLit' not found
Refreshing native plugins compatible for Editor in 0.52 ms, found 0 plugins.
Preloading 0 native plugins for Editor in 0.00 ms.
Unloading 2721 Unused Serialized files (Serialized files now loaded: 0)
System memory in use before: 146.1 MB.
System memory in use after: 146.3 MB.

Unloading 85 unused Assets to reduce memory usage. Loaded Objects now: 4012.
Total: 2.920400 ms (FindLiveObjects: 0.399000 ms CreateObjectMapping: 0.074700 ms MarkObjects: 2.355400 ms  DeleteObjects: 0.090500 ms)

========================================================================
Received Prepare
Registering precompiled user dll's ...
Registered in 0.001344 seconds.
Begin MonoManager ReloadAssembly
Native extension for WindowsStandalone target not found
Native extension for WebGL target not found
Refreshing native plugins compatible for Editor in 0.57 ms, found 0 plugins.
Preloading 0 native plugins for Editor in 0.00 ms.
Invoked RoslynAnalysisRunner static constructor.
RoslynAnalysisRunner will not be running.
RoslynAnalysisRunner has terminated.
Mono: successfully reloaded assembly
- Completed reload, in  0.925 seconds
Platform modules already initialized, skipping
Shader 'Universal Render Pipeline/Particles/Lit': fallback shader 'Universal Render Pipeline/Particles/SimpleLit' not found
Refreshing native plugins compatible for Editor in 0.60 ms, found 0 plugins.
Preloading 0 native plugins for Editor in 0.00 ms.
Unloading 2721 Unused Serialized files (Serialized files now loaded: 0)
System memory in use before: 146.1 MB.
System memory in use after: 146.3 MB.

Unloading 85 unused Assets to reduce memory usage. Loaded Objects now: 4015.
Total: 4.200500 ms (FindLiveObjects: 0.449700 ms CreateObjectMapping: 0.076700 ms MarkObjects: 3.545800 ms  DeleteObjects: 0.127100 ms)

========================================================================
Received Prepare
Registering precompiled user dll's ...
Registered in 0.001269 seconds.
Begin MonoManager ReloadAssembly
Native extension for WindowsStandalone target not found
Native extension for WebGL target not found
Refreshing native plugins compatible for Editor in 0.63 ms, found 0 plugins.
Preloading 0 native plugins for Editor in 0.00 ms.
Invoked RoslynAnalysisRunner static constructor.
RoslynAnalysisRunner will not be running.
RoslynAnalysisRunner has terminated.
Mono: successfully reloaded assembly
- Completed reload, in  0.941 seconds
Platform modules already initialized, skipping
Shader 'Universal Render Pipeline/Particles/Lit': fallback shader 'Universal Render Pipeline/Particles/SimpleLit' not found
Refreshing native plugins compatible for Editor in 0.55 ms, found 0 plugins.
Preloading 0 native plugins for Editor in 0.00 ms.
Unloading 2721 Unused Serialized files (Serialized files now loaded: 0)
System memory in use before: 146.1 MB.
System memory in use after: 146.4 MB.

Unloading 85 unused Assets to reduce memory usage. Loaded Objects now: 4018.
Total: 3.011700 ms (FindLiveObjects: 0.414100 ms CreateObjectMapping: 0.074600 ms MarkObjects: 2.425700 ms  DeleteObjects: 0.095500 ms)

